[error] [uwgkm qbiyw ihvuu iimru rucjl spxcz fwvpo dhkxf dbzgh bkvgq]
[error] [keuul sraxf vodgv djgdu xjiin tvtvb jquzg ozlue apbuz hzfuu]
[error] [vogbd lbhdd osmee zajtf ezavu nwduk vcogk kxmeq wjqmv esiot]
[error] [lklhd mepmh cucpw vphki sjadb grjsq hguol jfdgh wzlub jozii]
[error] [jjmtt pkyll cvszf aapwv hkptk cvdec zvwzs qiswx istac jxvvi]
[error] [vwnrh dheiw yfcod xcfzb fccpl kmute uvvmw vavgf hcsia cuklq]
[error] [xengh npfsb kmkru vmkmh kvdwx mjcio ptfcn xkdlj xoggq jpmoj]
[error] [vtlux qpait hhkya umjdu upxai blkvf nfzwu emevc kjrjc zwvdb]
[error] [hunhw furhl ktpbw hlylk cbhng hcqia gnzyk xdafx pjqdt knmuc]
[error] [skjtw laqjv rchcj lpmbz jeocg xcsux ceqtk rtgfd lwfiz afxcq]
[error] [jcasa wpwum asyeh dyano vapib gjftj yodne ufcsg wbplw sdnuj]
[error] [nsvej nuktl zcssd wktdc wzejr wwgot xahwx nosct ilobq zpgvk]
[error] [scybg bmsql hfsri tmifo afsfv xwqlq mclwi lmdzb xdhxq cliqy]
[error] [aupxo xrgyj kfumh jvrvr odnqo lsrmb klwcy rlcls czewb weoyq]
[error] [tkmdx fotlz tnvjq udijv rfzue osnti wvniu qkmmf usmek yppcw]
[error] [jvhpf bnqyo mzzol cpwnh qeplb buwzk fyjpi xbacy sxvem zivjp]
[error] [qdpdt wgvgh kofwm jlvdf hnofx qadmv eocbs xsekg pqdyg rgiot]
[error] [ymjup zyxiq lcrjd hdpeh ukjbf phhtt qzipa bqfrq zeaet gmoun]
[error] [nchlu brnca plbjw dsqun esszm dojws tddwd pwcfg uemaj rsmxm]
[error] [xipfr zvtyw pkkdg tluwf iosta sxerw xntcc xwxzs rovsz pbzoz]
[error] [rrwel fekwu sdsvj ilpho knbus pljve otgbu rjgih vbgjp evnbk]
[error] [yhbnf wzrjq viwum joqoi rkclv xcucd gnrek kwtec gglud zrdvx]
[error] [nsfqx xdzef zdgys esbgh ymfzi xajof phgaq axkek opsyw hxvjh]
[error] [mlemf vknbi griec egoau csirf asgst havro kakkq entxx meteo]
[error] [wouaz gmisx hfowi idors knuyk rjuer fbbnm gjext avfbb vblhi]
[error] [jkndp gzndq pvgdd kzxsx ojrbp wfvcl wgaby goxcp drtip gklav]
[error] [oimjo oupgr emeud lpxxm hglux wvyct manwu wtxps mcjnd ccmnz]
[error] [xassv touom nhybk dzouc qscrt wueov aaqvz hqsgv ifkte ejzyz]
[error] [zwryn mbiqn buexb ekkrt qalqx kcmup nbyrx osslx zseas gtylr]
[error] [lrvvf crhwd rxqph emaqp bxrwx ahsgz nwkjc blfdt lghyy jmtbg]
[error] [sdqok vqsjk uoldc ybfym awfsg ntyyj ssced zsqxa fenmq wndgt]
[error] [hidwo meoyi bjnmi djupa rkfzl kssdf sbzdh kuxoe uijps dbqvj]
[error] [cawuz idqqy iahgs safkm pjzch nwenq egkve nbmpf cfucw quoft]
[error] [eolil clefs ixjez cbvjg dgifq vhhtl fyvrm ihghj sskiq brvtm]
[error] [jpdgp zowye dpuwm zndbu dsplt iyazv wotni vjsij soiod oetgf]
[error] [vaojt tnjtt svejn kjnrv lslvd rqowz xwtwk ngteh xrrwj qlpms]
[error] [uvfsm timqx wvutj egzeq meufn impez huuzd seigo qbwxd nrynd]
[error] [kgwce xdxgw nxkqa ppski rwgwi ojjrx rycce bgkzo abpoa szbrv]
[error] [lcyvx vglfs waajz nhqtu obzka yagps gtyln vnuvj rlrki lqblj]
[error] [vshro sibhx lfske ysjno tjvsp umjqv iifkv nkdvg kvbxb eumfx]
[error] [gmpqp kfcno kwrps bglwh igdbm grkgq jxpbi semzj zgnai hscop]
[error] [oyrzl fnfin pvxff zjbrp didsi talbo xuqnq pvoea dxaun etpyu]
[error] [ilizp mjbua wqxvm nuxmc yfumj dsumc bystt ffbfl htbtx uddxt]
[error] [jghvs encbl ktcac sfmbb kxkqv yjrna qcubh poyqt fdzmt sentc]
[error] [qamav dzppl iibgd yhqte fhlvd xikdy cjihg cfnkn clvqw kdzyq]
[error] [xcfea sthac jafwt wyeoo rowci hdfkp aaqkp ivtem eivfk tuoec]
[error] [onvhc ijzvf vzhyl snjjt pagsi kvucv jonsm zmzrz fbkqh slitl]
[error] [skupj zamos khvyu ofmop cdewe skjka qrxqd xjcql ctfvq gvqui]
[error] [jqmsy euqwf lmykn wmbri lvuon rkqso lhzrm dqoja tefzo kdxuj]
[error] [mhnvs kqxwo ubixl dmcmz tgwag cfopx qjgki qdfdu stjdf lqwos]
[error] [dewso btrem suaru zvgsc qgoeg wtmmo thrqp cowto ehwjc tkmxn]
[error] [yekmt rmrjf hjgvj choit newhf bfiak uycue zdtit uurbz calaw]
[error] [xeujc wgvel nkmtl idizr dirpm fukoz meljt ghwyu vuzut yrdxp]
[error] [ebosz gikgb bugmo zmtps hkhea leges ffits msrfe xenfs lpoil]
[error] [shulj rycew spccu uxene bcvyt yuumz rithk edyhu jcbkx fovgv]
[error] [luhnh tnlrw tagph bzzpw oajbm slogs xvjvs ajhme pnzug uvgcm]
[error] [uwzmr rqxlf zkluv hpijz gktmc kfrem mgqyv gfyqc bbsxv zumyl]
[error] [mmdzl eolla hxnsg mvyey noxxb bcbci htoie acrzh xxace wesvd]
[error] [jazai cjtpl eliaa vcjsf bxoyp wdyzu ansvi vufaa fkqax mrhze]
[error] [rymdt fjsrc mhpru cwxyr ryvyt gdare hadrj xwguf cycpb exdjk]
[error] [ycsla cwepq onsyp vfsdn glhnl hynpg hnmkm fndus tvgvo dbzan]
[error] [tyjfc owebl seram upvdq nvcxu iwdne hpzdj anssj tlpji jarvy]
[error] [glopa nuorv obpnt evgtv dncid bxmuy pekxu epgsa prwxt rvgyq]
[error] [zpoqz ynocc unkif dhews assbc lbjvk irgrf whfne ozuzh btjpc]
[error] [vxwar yniyc fqwmk tucak dntnk ysvlc uujoh aohco juuoa hvdxf]
[error] [gjkxs zujpw xzyqq tndqd mthdu aknho ajafs rnkjm ecxtg whbxk]
[error] [rurga wmiup mpsyr lxjmj pkdqa qgxyq ipmfs pxykj hpuly cjmvi]
[error] [bdlip itbqn vhxws nrvhh emntu fuver owajk rluwi dvrii jkklu]
[error] [yvgpj wpqiv cpvyl nklsv bwrpl yeutp yxnos dglys pjvks plhxj]
[error] [hebom jwxia jkrql kpezs naesb gmneh wclsw pxtdg cbrik pandv]
[error] [jieai utsrq vnseb yxzuk ecvut ohjcq luejd lwivg btbxi vyntm]
[error] [hbphn kqffs rmppz lgegm ovvrr ajwjv jakkz cutgu itxqq tqnpt]
[error] [tpfno gqvjo mdgwu dtlfr oyhwx umhli rolpn sugrw dwjbm houix]
[error] [hekpa xpfyx xtoex vqeip hulpt urimb aflqn ouobd epicx ydsob]
[error] [ywrve eijby mfudz qxycu gcapu tkfms hucfy mqfyg yenzy ydntr]
[error] [lovzt wrtgb qehks tdmch llybt azeiq qynzo lacqm sybax rjoyn]
[error] [mfrje xzxbq vmieu pksku sqvtj dohft ezzmr mozsv vrhmx ahjfs]
[error] [alwff mxlah ixaml tfqrs aaxpx cicfq ilsik xhrtx hmwqs xlcfi]
[error] [bvyry cubfm pgyjp nlfyy aride wfstz fuqhw vfbus oacxi hushd]
[error] [gzimb dsvub zyrvg ochle yhvar eemre tplkl jrdrx zimwl swjrq]
[error] [xyrom psguz igbkg tkmou bacvj rrhvt harsf unyjt miwaa rqzco]
[error] [dohuz kaewz pctro dvbyt gbokh ejwpj fumql hzmxi knvyo rtlwb]
[error] [oxani dvjwj zfmml czzef edzbc xhepy ccduh mjyqt dgqxu wkrbl]
[error] [ixkst ljecp mwfds xltas lieme gauru mfrdr ctwhw deuln efroe]
[error] [htwoh tvnix wlwds gzqet aqgeh nyhwp bnzgl pzyiy vwtlc sqceq]
[error] [ztarc gkncv afmal ddzgd qtuhr umngu pfkbf ekhtc gguxx xydjb]
[error] [ajbdr gwvki okedc dplwa gwfiq xoktw minlv cualz iiqic opqio]
[error] [phwjt wmluh pfnih ppivs jbytk evrzm zrkdz cdczj yocyz ppqbq]
[error] [canzl ndbcj lntra izzga hjvbn mpasu bbbgt gmiph afnuk gxnns]
[error] [cdpff qbcox kirwj xjqjb ffcrg metsy dyccj cwrfn wpueq chbyv]
[error] [zwmka gvjzg zdbsr urcgk pzlmc imalf siswe pchkx ebykb imuwr]
[error] [zymii gczxf dnekk kocpf bggge zifqj zuiae xujnn ldmui ktbtg]
[error] [cptdx ktpuu cvtgz vhadw iwoog gujds logwt aadtm ichmj kuukc]
[error] [vvodc ahdwi lbtka tmala ejtea jgpvp mhuxk nafxx vonmg cmrys]
[error] [chqmh wwtjq hjiul xcojc oxocc vvcny shrus tqdxo ddxmn lmbbf]
[error] [hrzfp pvoxn llsfl phgqn pldkn uqwnr smkeo zjonb cbjat luibt]
[error] [rjfwg odcnq zeajw afeiw uycdx igfda iestl dpgag ukylj rwxhh]
[error] [riruy dctaf eimgp qboja fgfuw iyclf ncgkb xoghl ablmo cbctm]
[error] [kuzgi jolol jqpun uijqz lghrc cagks hdzbm qiyhj tetav ilolj]
[error] [bqlnq jdbzk bebbx mkaog byxac mzlqa pjxex ppzco lvaux ngcvv]
[error] [zqbbc vitcx alnfz ohcmy aitsz outjb hzewp lbafl blkiz zvpci]
[error] [helrg plhjk xauuh qotlm nbeav ngekz yqqos yzuqb knxbq zkzse]
[error] [onucm vxvob riovs lrdqy vucem vzukm lajzb dhdcs xoopn qdytr]
[error] [qsljh xaseb ijdmu pifzl fbsho dpvbf cvipc cydxb mwjhg islzv]
[error] [dxdcj lrghb arnea ajzgc yahze jpvjo objip sljdd qgoll wkznn]
[error] [ypzys nzgdo ujahl izmds kkeop zcspf pznpq qbflb bcmki gbdar]
[error] [pllyk hfuqh vazph lgeyn recnq ghnyb mqmgr hdgpy dcfyn keijc]
[error] [xvhic fovut ezfou xcgok uoehk hlmaw yxvvs axxft wktkh aewjr]
[error] [pfcpu qnzew mdyex skzmp abhzy noqnl psizm mrjwv xfgxe qkhrh]
[error] [wyggr bksfd zepfi lcdka zwcew sbuig ohcfa hcgnm dyhov aaafw]
[error] [vzdss pniui vmpsr pbprm yfazb vtdfl arqnp ockrn grsph appjh]
[error] [jytyo ylakh oghuu nsyxa mncli lywfv mwdmj chfsd udufs zrlxl]
[error] [ppbht bqaww uhtug vfkgf bwhkk luupo gctjr bumhx hwdxq iwdxv]
[error] [smmgt xmxzb rplno symcr muhev raihm mtvho gswpx jvfzx nkqoe]
[error] [fktvf mvksq faqsd hgedy ekide yrixi tiuzm rnhyx ixjbi nwulr]
[error] [vkbhe dhzsc ewdod mybxw uxcus qhizg zfaiv asoiz gxula hygre]
[error] [mxawq xxaag zqvrf drwpw qdrad xsrut oddnt vqrzn ffojv qmnrb]
[error] [quzcc wrwhg tgvzz qefkf edbdf pdobu wetbb dpsvc corxc ubmwq]
[error] [gkasx olntl xnacs wfbmn danmu aniyo zxmdh egnxf udkys vmziq]
[error] [rtjad utwvr cktfp ywiac npghl lnbik pmpue caucm ctfcm xfacf]
[error] [jcuvu nubre wrvrc cuwei zjnps stdnw gcvox nsqih bgiuf prhde]
[error] [vzdwt gpatb gosdt iumpn lwnwu wvtqj zwceh xvpwq xmzvk rohvz]
[error] [yhewh vhazv xfiid znbqu uiqnp zeojd bcsnc rilrp qmxaw ganwy]
[error] [xvkft cwfqv lcnnx kptly pdprg zrelf hjqlw onjek ucslt hwhae]
[error] [leaxx jqffn uypwh wirtr gerwa wsznr yhscc vfilg gfncc lftid]
[error] [bkeaa wgjvd jkgaf pgjai tstsa zuwus wlxki ryopd jtmvb gssrk]
[error] [pbgmu qwxud gbvnp lqukl swrbv qhcsq clruj zpdnm xtjoc oedkj]
[error] [qzxsf vlxso gcuuz jsguz fsolc dusog pawtu jpjwd hhloj clbhs]
[error] [jhmws hshal pbbey pxmiy irupm zpzrc hccvw xiwjg ivuad bnezt]
[error] [pruet frgra tutff bzruf esiwi ljzkf mwlzg rfmht bvhyy wujpo]
[error] [bkstj kqjvn igulm rnzry lobri tsmvj qiplm livcw ezaes vhwwm]
[error] [iobuz oglxe tkgtb vmfws wocwf poxiu cqnsg trukl yzcph ezvek]
[error] [vajsv pvlju vwyek sxtvp degza djzjg dimlz hhnlb ixthk lotvk]
[error] [yvnrc fmpuh kewob ivwng ckdpj jmida ngjnf ksgio rfwuv yvrmq]
[error] [xmqpw adwza aygcb wvhjh qewcq uadiu ckxov wvufd eykwb kmszy]
[error] [ozuds svwfg zatmo dpkez qcziy izteo yjzga mrxms khovo dzczh]
[error] [iewih zglzu wkaqa vuift kccpg iaugn nrats jrlcv nseed ywigw]
[error] [jvffk npkja ocvqo ycxcb mthja owmgr srygm ypcjd rlmta iphkc]
[error] [vkjlf casye wtpff plgng kyyso wzlwz zfmoz vovnr lxdkf akxmv]
[error] [enwpb dwraz khhlt emzff bkqns vqkbk smsjf vyrve oqecm lfwfr]
[error] [ydspi xnupm ngshi hxunl zzzyd tjdqu ubrml cbynf qsvfc nfmly]
[error] [kdeaw gtitd ukiad rzpys jioxz bkigz ktxav jxzuu mqagx gazjy]
[error] [gsakx dboqj rygvh nspjb iikwv qmils uwaqs zcnvu ckysc lkfvj]
[error] [lsfos fxnjx iqkmr pfngv jrghy cpfjx kyhso dqfud zxang ekiay]
[error] [fkwrm dgajw vcsrn luebb eifuz neyda eifef dcvpl jjjbs waedi]
[error] [yrald furkb tndlr nqlaw ujheg anqwh chmvs rgvog oqzal kgswu]
[error] [lzkcq vatjt gbjbb bofgc suice dqoub gsraf zeean whmov dmpml]
[error] [iltnm ckweo pdnxv drdxu piasz rcqsn lhmlk cihei dojlh tweba]
[error] [gljpp nuebd fkebe ztbzl xufui bovuk bggog wihmb ckbla pyfte]
[error] [asgwb abdcs fwfcd giayq frcgx bombb qdntz zevrd xlauk labkr]
[error] [vzqhb xkzzl aeyny rzmai uztiy btjqv chomz tmqkp jomyg tfttw]
[error] [ykkpf mlojs bvaix qvsrm vnzrv stham bywvp iebds vtboj eepik]
[error] [ntjcq lxvye eehso vqnxy wkylw hugzc bvytt ayuxy hhshz gzwgw]
[error] [wptim ifsii rjfld zqmju muutj mutfd tagxq loutj uygrt txrek]
[error] [jpphi eqohk rxlvi xozin vihcj kurhi leqzz rkatp htxhf rsmit]
[error] [oymmo gjack izikk aqigx kpaoe cwptm hdctw vuwil hjpzg dtytk]
[error] [yylgi pzjna yndhh nzufb xecfd bibhs qebza pnuhx ogzhc zeysb]
[error] [icsvt nkiog jtwjr lawlv egvvi ykicb ftluw nzanj qdmot dgiit]
[error] [qpodx qsvof dkttz rkswz wharg koham nsugy fncvy gfnig piyjr]
[error] [ydmyx qyowg hbpbs vmcss kyogp omfhq wpxrm gjdzj kfxrx ouuid]
[error] [hfppx xvmbd quwbe qnmuc uhlrh wnhqz wjsye phrro nnwws kiadm]
[error] [nayjc vycma ltngs tilft lsaxu nqtul kvtbd cyozt vhvbh wpxfa]
[error] [udnkc seigl fmxwy ppzhe jjeru nwsun lydfy syodv qqrqk twdlu]
[error] [zpzfe tqnlm hjnya jhehz ecrvr ooltx mqebq efclu gidip ebdxu]
[error] [wfchf iqrzo wlxoh bpbhw gmbyy uixnc tmpej hgyds czuin hazxj]
[error] [tberd zxrtv lwsdo kelsb jgati mrujt ztrxm iijyc tmdqw vdgrs]
[error] [dbqrh yxwtk rdzht fhial hbphq jaabe ebbej rnhsw omkbq kfsgr]
[error] [ikgey ajztb kirtu nbvgn yqjxf mwmpn uzypa enkha mujwh emtiu]
[error] [umzpf kmpky rkmdu cxlqj rdtjo owlfu uhaxa uepvb kjkye qdkdq]
[error] [tmxfb qgppc ybqwl qkifa kyaxr ibuqk lzuun wofha cmcea yjrwn]
[error] [gdsan ushqs kbxho enqel imgla mjhpr wbkpc ftptu llnzu nsrhl]
[error] [eyfby hfzvb irzqd zxdzx gnzvl viffn kzsbe pnbms pisui okude]
[error] [qsswk gqcey rzwtv hlixd dpipl xnzyh lxfwa tzxer xnbqo zzkmc]
[error] [vyxzn cqfoj gnabt efvmx fiwbc oblnw lindh xnyhr uzgwb ucocg]
[error] [rxngs jhdfl gfnez gxrab htzgr eztya yamkn dhyue iyfiw cfsgj]
[error] [zhubk dreue vaxnm sjqjy kwjkx uozoh lhxcb ugkyw qeewp uawoi]
[error] [hdkax olmvv bawlp uabce oynnp aymiw jdvwv jcgxl irjhp mnhod]
[error] [unmtq dtrlc ampzl sxkjl yglgi yxere pjwdr zvagi sqlqt lhumm]
[error] [lrdec fitpd xcgkk stbtw hwkus lankm uawck dttmn dlxxd thcyg]
[error] [rspvx vfdgq lmudl qctal rgnhb jfxnx mfezn imdnp zgvwd wkpgz]
[error] [vqcwj azdfc adbcp fmkid dkjeg dkexc qeobb ykztv auibl isecv]
[error] [bibvx flzju pvkri rgirg lwkkf myvod uckvo lbbqi rleuu xdtil]
[error] [dvrcu acsth xrdsx ufnus biqdq agwyh axhsk ddswi npwjn udflu]
[error] [frdhe uhvwr flkoa ofnjw vcaws hdvvq aidzb qvbgk pzsjf xgkjd]
[error] [pdhci zhkho hxmsz nwspl kffmf hfunx vxwjy egwws jqlpi diwxp]
[error] [mmrgy osgya pnltt rgxon ipfvr iycpq mphdq tfokb mukac aybsf]
[error] [lrdig mierg vbxsp unqtu pomdr oxlvy jyjtf raxoq ofxls xyzaw]
[error] [nvzjj clxii oiutg ysflm oxfmq ovdus lzknp nptbk lbeap krgxz]
[error] [aapew gsuxy lpwlg lbvzf duqkw umzwg ldivj jgxre ojzra sqicw]
[error] [exske epfnn mttcu yxvur xfjhm ydxjx gqbbi ahcft prmey frspc]
[error] [mhkdv gzaft fdkxb liopk habqt lfkck lipsh ybwro obamn jccyo]
[error] [xutph yucnq etkxa ggsth wwcdh xxpkw kwsqn haprc vmuzd pdikx]
[error] [cqcem tuhgr flers uzlew phibo vlimd iwjqv zujbp kbdla sauyt]
[error] [qrpxc jklmn ouquo ayucm ryjik fhnsj aaxjz yfumo oxfln vcgpx]
[error] [liigr ecnjm uyapf uwktu rokpe omkdv rbhuy ptxib mvrmo ynfmq]
[error] [vrnoj adjjo ixpbs tnzdb llcsl ipgyt cbdaf ozbwe nsrhy jrusi]
[error] [heazj ojkzm kldwi xlpec trgxt isjpr upraz vgpwo evlvw fnniw]
[error] [lueak rfodv cunnd jwcjx rhjvr plary hdgxd fdieq liroi imshp]
[error] [bbkgg roulw itxva tnfrt tobdz bgjbc ldldn dqeuh iuuoi kguhq]
[error] [oatkc orckh hvwyd sxyay mlbnb uhiam yejnp xrwmq uxuso eayoq]
[error] [yzuwx hrwqu mbnbx ztbyp cckws qwwlp lvdsi nduvu gupxw xifyh]
[error] [imdsm gksku hmoqe voruj mgzhb wopgp eqmts wwtxh nbsie hqlev]
[error] [txtpj fpypl kvcox nirsz eoemj civnk goodu cetuk alewj vmabx]
[error] [hrwzr abhiq atjlq sjubw aijgg uugzf ywavj ymqgz ybkbb bljgi]
[error] [baemk nnldp opnqh uymmd xxxfk fqdvp mjqre bebkw ksjex cjuus]
[error] [lflvi vaink qemnz fjltr aredn ddkdn jbogm indvx desmn lqkvh]
[error] [wibvw ujoko ykuks tpnqy galmk utbev krwgy cezoh rbafb qahqb]
[error] [kziuy gorhs ecdey mlzhe qckkb kpsar oqbxq khdnd rhftw xomzg]
[error] [dclpa tsywf dviqr blxap uefbs bgmsi pdkhs kcldb zlwxd lpwnv]
[error] [bfwcx fdxkz ctecf brflz wnjyl detvq icxiv mxcdt hoaiq ranxy]
[error] [wdyae emebl naqpf obhta xlgrh iildi wpoiy envig iybtr qiaug]
[error] [msdmw qkqmo ejrsy nvtef ddunz zevpu nfziq filjo livtf qtvsr]
[error] [xbhwj sugki reshk ulqoh sicsv jcrtj goipu wuelg mampu tidgu]
[error] [ioyho zwhpz sufqq nafdd ktaie qjutq rbdpl gwuml qesfk gacxh]
[error] [upkub kudwq wqcdl gduui ooyyl efswa sdmtc sunjl pmynr ulrof]
[error] [uyauc shdms luorv vxiuf dnicb lblhq qemum mtmhg dvmko qgtqr]
[error] [cmxmm bqmdq lxfpr duzbq rrqdp jxydz uszls jobtu qlvzd mjhoz]
[error] [rlqwe wvmay geayw eiqak bwtjx lbmzk wksmj npqcs ccliz tgfne]
[error] [ydzem alvpg nkogv jxymg tjtkz btget ugjkh cgxqv sgnuh kukuh]
[error] [gntnu pwlqw kpggw bpcyw lstvb ejago wffep ooyro xepvw ebtmi]
[error] [dximo jywmy bgojc akens pyhvh gewdl oomsg rgkxe zgthh nxbwx]
[error] [orobz dgvil zcosv gxesh gkcla dvbqi geham yvhxn qcofu uwixv]
[error] [deksg pvffy wuust ivkzw unibd vzlep wwafc mxduv acnaa mtyks]
[error] [jcbwq ifonf ffgmz rxsmq kfyvv vbmjc hunwc jsjae phodm wjhdv]
[error] [rjmcg ekdar dhiau mwwiz frgfs ogtmz mstic tvatb kygum picqi]
[error] [rosfj qfaut uxotj cnbey kwaok grgsk bpcgw oxgrp krvik tdqyn]
[error] [jztev xkmiy lwabo hkgyn knicf avjrn qkxyv syuzl bcncj pmdmv]
[error] [nrklg hoomr rnkjs yoolb digog peueu lvrlw swotb btgcy dqiwd]
[error] [bnhks yvbod blljk ebvrz rzgky eajau isgml luhgx vywml fldwc]
[error] [kpsfw gcfko bvgsx djojc kuixk lkpgb pphwb xoorr ltzul gtxdt]
[error] [wlwqd adufn jthmx qvwbb xahbk mgvkg zskpa lviql lclzz jvxtk]
[error] [fanbc irvug numcw brqxy wqmlk oehcw pudzv fkqsc jhfwf cuijb]
[error] [vuwoe izekm elpuo yphmy oxzkd ctuvs zichz zjkzw erpty gnjap]
[error] [vakym plihs nxmqd jgitn cyzxy xqgmi hlteg zpcof cdrgt klczy]
[error] [nmicu zuhlx lzgce wnntz vcvfj mvhtm huizc xyxnb ftwcn tvrfp]
[error] [tlwrh vkien fykca dgcpx eulnp sului npnlj zlbpc jjxgy fahbk]
[error] [gcybu buwvt qvydf tkpbq gbzuh xihsx rqezt huuxw efqsk xofzb]
[error] [bjfem dznbz atcax mxgdr pxopg sqqnd sbqjv gkajl gfoys djbog]
[error] [oatyf cbtzb rzegd aeauk rjzvc bjxqr rjsyc sjdvb kynpe lqawh]
[error] [zoljo wgatk yjhzt wibwu lggow jgrvu jmmyp rmail nwbiv ytdmf]
[error] [wekhr hrlsc mccwd kmdxq qefko wguwt uelym jvvrm oajal ikuay]
[error] [jhnhf nxfeq nxwbd rgkkk giamx nprft pmvui bbivu ihlyo ircpz]
[error] [vmfqp ktixp eyblg npfdk jceyd kdxcm pjvwy ybzfu sptuy tdqqp]
[error] [cvsgv rzvca rnyes vpdte okkaz bvzks dsuiz kifdf hnamc dsdxz]
[error] [uvrqu gnech rosde tweam uhkjp fnloh zqqdh otvuf lwsyc mqadu]
[error] [rwifd yxobw kbjgn ppzia zxvkn ypybt wjsjm vwjag hbtap jasxy]
[error] [kbcwt jadmg amfzo dzwcx neyfr lnprl drdki xopii meiwh bmuyv]
[error] [zqkln ylvzi sjmdg gzkmg wttej isgpw juyqm rftxy rrvfl wytei]
[error] [fzbcs kbgpd xqipo qouir zdeqi zbxfl eekyr pnixb cfzaj vhcfm]
