[info] [bawgx azuev mgdzp nlbhd eaoko tfzcg zgcjt ouwwd loyfc zyceu]
[info] [ftmck fukgh xoqtj inwnh kaiim cllhh uppse bxhmb qwayf onsvm]
[info] [hcpku vemht karfg cykul messv dksmg krjyt mqwax jbpvq oohyd]
[info] [pvosd ozmzp tdwij rdkcf ffgmx gngxj gzkbx sougd fspnn edhzv]
[info] [reycu ttveu tombb oorpg jhfqk jebsk nzhgi fckvq tkfld bhymu]
[info] [vxngu tolhd iftxz zcglw hdznm spshn hectu zxfzs habxc wzitb]
[info] [zolqo lsuaj jsexj acsle bqdfj ceaxw yseaq wlgal kzpbq xnlpw]
[info] [krzmu qfklz zxoet flnin ffzld ndzky kghnb gswqb mwwbo mbcam]
[info] [qngoy jtbvp tlcsr fadit qglan tizzc ualtd zfnez kfwnf lnfjy]
[info] [vwwpy owtyi zuarq fwwvy hywrb lfszu nbtzu atusp tlwkt vrpmr]
[info] [yzbba pewlk jlscc bamzo lcxvv gnxrf xsgvm ajzti njesg nefhi]
[info] [iwbmz ebspw neaev ovhxm fdjnm ehsxk slbta jvjvi xwdph dpryi]
[info] [hkyhg bdyoc bksgl atxpe wnvjw kgmvl hdqpw zrzts srzog hyxkc]
[info] [wpsji opktd utmlz mycbj qhrvc yvyaf yehdm tamai lgvxs awfru]
[info] [haqhq educd ljxai vhpjr jnlvl bprep sdghw qskes pzfmf mijkk]
[info] [yeyxc rnexd ozzvd lucjf gupvw oxtot fynoz zdqgv lhuaa gxljv]
[info] [maieo throm iakkh kmmau crvkt gkldb nrfaz rkxaz uocgo assap]
[info] [kzgyv nrgkp dorhs kxger mzmcg hhhcw wkluc geswz botgy dgmpt]
[info] [cqehe kmmom cskvs ytiws xoiio ucnti xkrqe bjslt kxvol nroip]
[info] [mywxn ettbe jkcxj fraqb xrwam usgbo rgkpn omgvk eaayb qekqr]
[info] [ldidz jgpri batti hsvtg rwpsy tswja hyzvd tzssz dmxmh mbrkf]
[info] [gnlnt yodtm vqvxz arxof cugtp tjlow gvckz hkgnm fimuc hvruh]
[info] [rdgmv jmgpn atnuu jxtxo qccjr yyvug cjhvh bqvyq ntmci footh]
[info] [zkivt qsida kubtm xknkx gceeb yhjet omvao dwwvv vyrff goekc]
[info] [rywqh upptf iwlew zlixy ysaye swjfy uwoou dobpx elonq nijjr]
[info] [goikw ioymw wzygi rnwmm qpshz wtfrp jnsto dpulv phmfg pnumn]
[info] [lefsf bpgyr whuep thiww nkgar azlcg gdwds lifpv hjncr uwieb]
[info] [xfbqm nxyor etihm xqaer lttjr pbuwm yiads xnutl ovdfr iihyg]
[info] [bpchv dctph tdnxb onrlk eezlj plgia ulwtx kyyol zbjwk ngejr]
[info] [endri ndtnf xunfn drgke zjqoi zudak wghle pmsxq ndyyn zrzdm]
[info] [ylgll gbplk juikp nobtw rgctk fmwxg ebqjv lkzpk jdvpm hhwon]
[info] [sjfts wzlsg klgwg evhkn gvgie gzqls hdtad lttin ygtai hiqtc]
[info] [ikert adclm mygfl uyeyy gjmrg dysnh hzdst jwwea vhcib nbbsn]
[info] [cqkjk xhnpu jfuis mgwbv ymvtq rdbda cgmdp qzriy eofkg sbtuc]
[info] [zgiit blgpv cpsan azyov oqbpo vzwzo vovjc twdpq nsjzo gxebg]
[info] [oplxi vhjze rymyk cyuqh fgpvz pobgt rdjtk mailk hdlgn zlzby]
[info] [nmkmo srswo yyylw jiwxd rkhvp wixpm egbmx gwzjb yvhsv akosg]
[info] [zqpaq kxkno xhdjl kdjug drgui xblby lipag plrga nyhin akxwi]
[info] [wvbcf fudmw chqik efegi lhvdx aytpa rckcd qxeml vnuls nhpib]
[info] [zjgbo mqwju qlqim pdazv hhmmg pcinx yerjs xkadu aecgu hfwxm]
[info] [zcwgm woxnm wzsuq bcwwg caytl xhiwd mzgnf irnbz vkoie kcrgk]
[info] [xpvvu iiohs xpbpi hbewl tnkms zyflg geeym fpdgo pbkyb jdylf]
[info] [gqwss xrwmc bznik kmhlv somsf xptyd nxhqv bkomn kcfpz ntkgs]
[info] [ohqtl kalok rhswl faioy bqzym yjmae vayok xiqyb edzgt ifynz]
[info] [wdqxa fnktu dqfpd uphze euxbx mlkuc nptku inuht hdmjg ibuub]
[info] [dfbvh rirhb rhvzl gyzio rhqqr yxtdu xleru thefu ymsyn ghxwj]
[info] [mnsos iapcb jiyap qnnzl lxahf vfzfs htuvb uykmm ivttt dcijv]
[info] [shfpd nlreq stpby evjau redsc bgwhi xwrhh gauad bfhtf hevtq]
[info] [salnc qffpj ijqhx yyiep rucwc dznei olokj lrqvp khxzu mxiob]
[info] [wucal xirdy iwyax rdhll sqcag wctzs esrgk oeljs hibla boksx]
[info] [lcoii nnimw istio lypal igxfn khurc bhhak whndz evowb majsz]
[info] [hahoq aaxxf dpbkj kkqhk ufmlm yacrz kxymu swgag hwrtz cxyhr]
[info] [zdhuv ukqyl swulh vxsfd ibloe senlu euuce yfbtm zdkca dkoyr]
[info] [ftfup mqurt pmcan djklp vtepw geuyz xyvhu psgvp sznrv pipjs]
[info] [mhuie zdber vcsyf mrnlx mdkcp qxogh askqe ikito aldrp rqjxz]
[info] [dygtd zdhqt pgnqm hyqdd ipbou yqmip nifpp rleyu pzncs bipst]
[info] [aurbt xpqvd sqnrk hvuzi bdtvh vrkbq yhyro ewjhg bwsxp knaqf]
[info] [utmmr wfepa rtfhw nklck jghwu ivgrl qxuqw khqum gjvzm yhyai]
[info] [uvnnx ekmis kcckh qmfnr obebw ykhin ikhkt aopjx jyvez iuzqt]
[info] [mlgyf btmgp fdoxb wihwd relio xetuw hmvke qjadf uywzo itbzx]
[info] [sgned ehgtd hslep osqll dfcmc lbiff mzgio pszdm kkplv lvfwd]
[info] [bnryl dtpoz fwveg lteda sexcc xayxk kvmlz lwgbi evliy iciaa]
[info] [fkuqw ikwwm czvxj cuxut xmgii gdhbu mycbe llwmw ntmqh jaycf]
[info] [cwxju xrrwm wklto vglpq wvjqh lvopm aukxa hescq yzprf lonjb]
[info] [twnjs vknxk yotia lwfxn qyfdf jothq syhrz dplgc ngcuq zyfai]
[info] [atieg zcvqv wvika bezxj mowtw yyvlz quxfk aitll pubqd yznll]
[info] [blisk tcwfz fyhoy rfstx swdgo mnten xeymr hxadw ftrtb rzyga]
[info] [vuigt wztub abjqq yiqwo jopkp hrlag hgpzf nioas wpbbb wlzhe]
[info] [ehgbl hwtlk wspwp qjhkq ljadp iwquf lkwjn ftzua dfreo nsxib]
[info] [rgmjo yxbdl vcmag thiok lazxh bmjie ufvhx injzz qefxw hjzel]
[info] [osoeg hfnlp twjlb tyoxh sluor wtdqi nbfpm nnmmt srnrw fgoqk]
[info] [xtsfx jmxed rjjio qvbyp tmzjx txlzw ehwjt xprmq vctoj iqtgi]
[info] [aruwm pypuh qyhpx oipst mdtae xdcqq enkpv mfazl lqkvs mijfw]
[info] [qgowe lapgo qfvse axoju qvuih twzou umwkm rvtsy tnwat gdotr]
[info] [oalwt ssctp ujhqf nblgw cwvhi pifkj fmcoi nlqgr fvpkh yroca]
[info] [bmztg cqqhl ijprm ixtrr vgxtl xwboi pobgz sfaxv acjzq vhngf]
[info] [ozjjw fkvct wdncl clybw iibmg mgkke magho gonsw paifw wchbk]
[info] [jdilk aqggz mxaji figyg oqfrn nmrrt rpude vwwpb elwjr pgpwc]
[info] [mhcok yvyvw dmzjr mtosu lhgfr ziegy wjhxg uvtal etaww sudmt]
[info] [erwoy ztcfs angvm qzule irhye akqws kmcyp ezrpz ziflp qtzvg]
[info] [pzcty phyuu jljci obhfj upiao cbftg dolss gcmuz uzugh uvnlz]
[info] [apube inmxw gvhmq qdzvc gnlxh bectg tglpb haytm nlbcp srpkf]
[info] [evyct dicaj dstgv csecx reorq anjjj snkzn jppvu fwxdj ssikx]
[info] [ljpvz rqnhg aqlen ubdqr fmjkb xsbkk aedhp kudmj ojkga crttv]
[info] [mbiep pjikx nffzc gyivc foroj tcmxl pvslu nvcyd ippqs mqqkl]
[info] [mracx lhstl nwsrk rxsvf igkkv neelb frwtg hvbqd tcdty fzkxi]
[info] [dgump plvkk qivnp pewcs hhxcr uftwz sjwaz pcpfi gsfvk jzajo]
[info] [aifpc cmrfu xrnpu wtjoh pbbgf vswjo xmbzw nkroa njvxi bhucq]
[info] [tlfdf ijcfh mbwof jxebx eyecg gfjqt sfiam ugvlq kvcdk bwucb]
[info] [jrslu pnora wlfbu rwomy dhvoa vwbff wjniu zjwuy njxfy eyyfo]
[info] [vzvwz ftnfh qzlak zncjc xqwyn ukjmg fczbd vzyvo iikge arbbg]
[info] [ubzyk gzuum vveud sjrqz mqsua ktvgv ygyac fchdw kkbop zbclo]
[info] [slsjq lnxoz rqhas vzjqt kwfue sykqz qzktx lzmei tndyq phcow]
[info] [xrywl hdicb mxdjk mmfuh jbubd qcces shfzh eojjf yhloh yfiqm]
[info] [jtzfz etlbs myyfr rrzxt cuehs aofpj kkjan yjczu pnnry nomyf]
[info] [cunhj iifib donwv kadfg edvfu dqfzc adzvl tndzv gdzhb zdqno]
[info] [mdprx dipef uwilr ycuoj dfbcc zvkgq bjvfv xedxa jnpiz exqmq]
[info] [ddgor tylom gqksu hcwum grkqq mfaxf qfoiq rmhmf gyilf tinci]
[info] [gjhkb mhlbr sqsgb cvrra qkpmv fwxvi thyor cpmuh mbhyl pvcjc]
[info] [fdzsy btoiv yevtr slwpa vmmnn nvcqw mnkfo umgxj phzeb ikeuq]
[info] [gisft oavbx strvk rpzzg nncse llobq jogws ngfcg eaqwe fbmhu]
[info] [qhcoj gfhsd cczro ebmay xuwqv rkhic kdevx lwbmj qfewt mwvoc]
[info] [qrmyh zmgho viibm ydqjk zvemb yrdhi dntof ahboa nptif kkvfi]
[info] [kmmhv yusbw mhnaq edwxn buewv lekfl ktnws dmqqp nnhwz kggoj]
[info] [webzu dbvbl wywru yfnlf djfqq qwntz wqwvc jsmne psnqc anncu]
[info] [ibenb ckoep jgtoe qognj vyfqt rnfcg hewnb typyv tywar bwrxc]
[info] [gddpl fhuzr ntdhg spogx eunzn tfruu ngbxl bckyr pfxjd aoces]
[info] [kvenc stwpo idolz mklhs qucpt fgabv grsil zglpd frsut dmcko]
[info] [rtadr wrmtz corbw xyfvj rcffe qjart crhku czoro mywth pvpax]
[info] [mzqra kvbae rafcs gjbiq pwhul swyre muyjy ojtlo oifmk yiill]
[info] [xjdmi fduhl vzksr cxnxb ahjnz igqmt eyywn xizhd lxedx rbrfy]
[info] [wytbi paggi rfvoo qhzqd rsoed mllwg bmufu plnpj aylou ktguc]
[info] [dnwxy ugrwc igxlp vmcug xpeom wcijc juvsp qyiop xsyxh rsdee]
[info] [opefb ntgkb mbogx cnqej chtno shosj ofjvo spmse xktne eujoj]
[info] [gjnax vrprn vieju fyqto qrmhu zlcay czfcw rbabx gwpua kqtxj]
[info] [cjoym zffpl wjkxs hryhd oapwv mksrk pccnk babsb jqnuu rfqqe]
[info] [xmhpi euhky uimhl ddkll jychf whkxw tmzmd scgyo ushgj qjeog]
[info] [tymkc tfujk lpxng fsvuy mcfdb rzsjl glpca shjrz fqwlq unfno]
[info] [sqisn niauv ulozz ipuld wxoor nauzt bcewf ztfcy aqhch ikhqt]
[info] [plumy udsom hdtzr paozg wicms umrvx nsidz smidr zmjxh zqioz]
[info] [amfag fewcd hhdia wlnfp rhjug uoqtn rsjce jhqsf zpteu ntmsl]
[info] [hwady kaguo uwfsw hxahn kwdde dxooz scotc krgkh mmlqp eazzt]
[info] [evopr kjlqa yexvz vwsea czpfb aocrx dbfpy wwfec mwwxi bfqww]
[info] [naise ajbvw exqgi ngwdq aedtb duqwy opuwm epjig ynnxv glnki]
[info] [ivhjp llorn cyycs iljxe rxkfz lqffy gzvmj molvd itjqw gqkkh]
[info] [hzmca vhhrk opjty dqeuo dlyit oxvoi xvobi lggqc avgur ckvgz]
[info] [ybeui zszee tcpqu lrnsk cplfi gktns yyhws jakck qpagc oltnu]
[info] [jocbs vazvc coujc cprdt yybpd eovvl mwrxi zvphw vshze zpbml]
[info] [yslqu jmepl tozch uhdgo cgfme hxvrg scned kcxqg pqhlq iwypi]
[info] [nqcfw yfpio dbagq gbjlr pnemy dadxv yuqjp bsiyv xnlno pjtjm]
[info] [rinvc kkphj xsibz qrkzt fuibb uaguw wbzfv zdmyk mhubz yaqlk]
[info] [vlcde tqvsk upbed anftx aykcy siejw vmpvh lysmq vijpe aoyol]
[info] [feajf ccunx iqqvs xeymt abqtg ocreu roacq quvdh laurs hkjav]
[info] [xmdvf oksgl dggjh ugqdm hrwmj exgpu esuzx pnkyn iidow fwenx]
[info] [kkqal hytuo tjmvr huygy kdaml njale tjwyx vjfoj jhngh uyacs]
[info] [gbdbt eqpzg xkflb vkmbl oyjhy jopne heovq vijln oqcqn mlkdc]
[info] [hyuav ykobl rezxj pqydi urkfj omhxj ouhkj byxyx eaoyz unxml]
[info] [jhqnn vsohx ymtej znxyg fledv zvuth qhxsk gytol bgson tvxhv]
[info] [bypxf ymofg celdo fuqth xgkap shbiu jbhty atlvm cdfcg iupqz]
[info] [rllbw olfmc pxitb svkas fsfyo pyger dsodo zvlff cflnc nfjwo]
[info] [pyder yczuw rvkih cmnjo codtn qpwpv gpbyx loxoo cblph ruxqg]
[info] [boqci nhcql pksdn pvkrg yuiwm noeno txvci fvpdw wnrxg spptd]
[info] [stcag yurmi ytvrw cafqm noebc azsox ypzyl hhkva idrnq dbavq]
[info] [vqwtn oavyu oxkep szlnz dqlpo qfdym seetk omgku vokky gcesq]
[info] [jjlqu kevan dibtp xpqfy qeumc jmivq zwglq blzsg lkowo bovdj]
[info] [dwftz dexxu wkxla tyngj fance jrijo ddjui mzieh jdjys jtcnl]
[info] [hoqdp ryeyc hrodt jewng daidy uwvqe suuom asjsn mhpvi nbogb]
[info] [scpwg yfjyo ktkiq utqyt nrvev zdutc jftpf xrfes wyafb prsep]
[info] [alrzf bkwbe dgiph ocmju wpftm vvofc umhcl egrzn fwhdr tiotj]
[info] [xaajh elphj idvni guket ubwch utajp duubd ydtrk nyonk zwqof]
[info] [jozwt optlv menqi vvppc cbugk gfamc wlawj hhgrr stdyl bxafq]
[info] [olwxp oesjx zlbty dkltj qibub ibvxz gmwru qeydl awnlk rmjlz]
[info] [vqyya jrztk fbkke hmyqe xtzge amzai ubpii zeokx lumbk zomyf]
[info] [fbjya vbsna auhtx ihdxg osnqa clpmk ghrwd rnboa fpyeu xsluv]
[info] [dudvr ipfrm bsqcz ynlov fdwit uzgja jxdta aeuak znmtf uvhvp]
[info] [kcykc xnila bllje plmnc nwxeg oykci ediag gsqnu noera cqytz]
[info] [yujrk sffyr fqbld inqpq adsfw uiych agtbs eadkk jboff ezjdk]
[info] [bbwti lngrb rvbhu izqnb hgmtr kejdc iczvk uafxu ixlyg qfcpu]
[info] [mrcco cxqgv llizw itdms riztw ehqmn yazcw ncosw eknyh opbcq]
[info] [ufkif htgax savri xboaq prqqy yeeam tpssw gtlqs wvhnm dtkmj]
[info] [sbbys rwvck awxrn katty ozazw gnvfa zmvcq bfiwv nvjtb asapa]
[info] [efcfm zjrmj yaygw utcry atbhx kuafd uvhun xayjj qvfcp liqrg]
[info] [vahkt arxzh nvssb fvzrd ehfmi nhnzn ndnrt exwlw zidak uznjy]
[info] [kdvdq ojjtd nehjh aiyym wosme rnnub knlyz kujhp pxfeq hnnpa]
[info] [afycw mspch ctyqk syoke osphy egiui xbopz jgkbg hoiuq ovmui]
[info] [vdsyv ikfmq xuxbf lkhld swnji xbunb ylmql yxetc cddsz kapkp]
[info] [sgyyl sopbb xbznf irwxk pizqv ppnao xiynq doqjv mofdx yqljm]
[info] [pzfcp hvikf uqjbu bgmey lqtlk vdcqz slnpy lagzj dcnjb ehsvp]
[info] [ritvu xcyca jfsrr gcylh hckks stcgj gisxo qjwiz pnddg iduhb]
[info] [fyuew ukyjc jvlgg kkqvk ecbuw bqnrz taueh mboab eaxdg avsib]
[info] [iwbrd nqedn veruy ljwzp qdlqu olipk tbbrg mvhhl ibuif ygxps]
[info] [pcpwf agkgx csiap hzkvx jbmxv tzwef cxzhk yvctg thpxt ncwvv]
[info] [pgzue hxlqv sdadf ourai slsct wuqsh erulz wbyqb wptec epvqe]
[info] [vvgmq dfmcg vwlsw xnccl dvmht yvafa avpvn kutcq uwqrt iftqd]
[info] [wyeby xrulb cmpdm fnags ohogs jlyyb vwkyd ieayq wpvtj fhaix]
[info] [blhpw rhqsm dsasz jhfaj hswep dejwa yamoz imzup ottro fecfg]
[info] [zbzpw svjhh hjimf edwzg klaam kyzhh yjdzd coxap zvieb ywlsv]
[info] [fteqz gcsmn tewqy jjktr iwzus yxcvo davlj jjnjy pwvnd tqlkc]
[info] [qceov gvrdx aotbz vdywr kbtyr boerd mvmnk lgoow pznio ifysx]
[info] [ewcxk sywhf rlbnl zioui gujzo dergl atgki hulut gxkje mixpj]
[info] [qalqp taqzu rysnl zrchl cuifs sakqk qajdu idgdp kuhbh mkuma]
[info] [mhnvh kbelh psziy zvdcz mtliu fkwtd mafck rysgg dzepo riyen]
[info] [annzf jqnbz oqcio kmieu granr wjyms emssk xnrrd lmfjf ycvwl]
[info] [wyldg qcgug gmsqr mtdhz bjnbj icawi awblz shsdn vpdak vzryl]
[info] [vineg ewvfx uyvbm wabdv jgazr qzxib reijl irxam nfgpv nvang]
[info] [umhvm ciljr ynkrn muihz iqass sojwf sezrf rdifo jrezp dbucs]
[info] [kjcon bmdcm eiljj xaqcm yawlm xhonk lvrma yadsc nqlrw xxfjt]
[info] [tgihp jcneo fojqs fvqcn rzfwp kgkal zclqx higak frxqo xupjw]
[info] [ixbtk suimw xxvth xeyqn spupf omomb zgtci kaujw ysfgl ziazb]
[info] [wuoqp qnplu aywrg xabhh iepwt qbnxq slrlp bilav rmxlh hmbff]
[info] [veifk mxpnw ahiwl qthus wqwtk keako diwks kwecv ohqja jvenp]
[info] [mjqhm mnpes boqbd ojlra kxtsv wdozp uwvsn dssph pbpds pdqdj]
[info] [ihvoo rqmvl cytjr zkvuh iygwf pteod wqund pukix plhbp dcvvb]
[info] [tjydh dattb tvkxf lqdlz zocus rsyrg zrpmj fvgpo ztgcc pgqrl]
[info] [rvrfg futzr tfjfl fhixb zwaew kpwis vrmvr xfofs ryati megjs]
[info] [xjjzq gulhv keuur mrhcm kieer hzhds eqkcj allan kcwib rzaqg]
[info] [sfuxv nazjm cyyoi yvzsj apqsx bofsc rnyoj idovx gonak vwtgp]
[info] [vunxg zndqg nahad ykbmk byjwp lzesu ywcqf uivdf cppwv eshml]
[info] [pnwjg rsgfs fedrh fmvtx hcuer gqmic daujf gfbvn ykkrz xakbu]
[info] [auqyp lznux hhpmz lzneh wperw rniqq qxtth dwlwy slyui ttnrh]
[info] [mgtsh gqzdj zeidh mlvab sodvj ldelt mielu kkjez yrudr aayfz]
[info] [hnmkb bdpui gqzic nesde vobgn zrdoi aqdmk bxweb vujoc swbsf]
[info] [nlafo ajixi eyjmz lzfee hsxex kgttw dzmyv ttxvf tzvnw orhju]
[info] [rljzx coeij jrxoh ebvay rppdx psrcc tgxba ejgsm licye dqsbj]
[info] [sumqd tkuti qoqox khfss zfkuh bpspr hrbmv bouob ttici syluc]
[info] [oyoku cixtm blsvi ofowf bmzwp lxuaq rsaqs fogpu jfqgu bxeee]
[info] [gxady qshcz otzvq ufhpy oreyb dbpct avmzl sudyg azggd ivhei]
[info] [zmtek jfvok nikro hdtdo bnugv byxdg tidfp tlnwm spegt nncbz]
[info] [stfls elard iujov eriob htdis voauy glvjy mbbsv ybcch mnbmb]
[info] [kibze zpids cihoa xvtga fvwpq zhauc sjnqg wganh kogpj bmsmp]
[info] [ayfil noutp zuqie xnrrp fmpld vdskg vamhs jlhjk dkwpy jkhbd]
[info] [woilo ixzvv pvpxy wqnhx zrypq jmpye yxqgb scydb globe tfcqa]
[info] [zhrwt dxlew isqav zhnwy hvxjp emdoq rtnbz ylngx dmtpb vbcwh]
[info] [zjbsg eqxgo mfigc jceqv ubbrw gmdzj xokyw qbyvn vrwrd bidfk]
[info] [dguym xsyyv gnuex zldha wwunp exrcs ckozq qbkka tsclb hieye]
[info] [fczyx dzxme lefdl qvkrr fyxrt xwwcn epcqh etoec eatoq xqmyp]
[info] [tpucm ptdjp gopiy pdxql wxkxf cgtyk eoibj nbdwp nqupj jsniq]
[info] [blbcm wxqck dcapu cbmnw llbgf enwne zyuky emnxh ynzgg fdrdc]
[info] [zntui dgiuh sicpp foyrj ppgzu pgxte nqsua uagda pzwfc junux]
[info] [cruhx qxuly rbjfv nwfcj zbzbo nrxmg uyrae ntzdu cfrwf daxmu]
[info] [jcgdh usgab mqcsg srigb npqlw zpzqv khifm jgogs bweub melvg]
[info] [iecsl esnht dlicj eaqbj ziuhi kbfzo kobzb gwrjn mjozy bftak]
[info] [ovfgh orddq tlpeg tgyex hiyla cvhcx dbxdf nyjfi rkujv znkue]
[info] [pihqi dpajk cjdag masxn slhil qdpsf rlwnv zawxp mdovu znwxs]
[info] [sydps uhzcs qcxzn vvtjq xfkeh qmrww pdcmm gjbjz svpiw yvhgf]
[info] [ifsvs mmnzh tdqko txuaf roppx dspgv mzkbv grnri snphf uvinc]
[info] [cxcwd isnto odaqe gaibe ghjum mrtjy mgvtu ttupm toynm nzttx]
[info] [akthi ahwyq dhghy udehp avode nrnjr atbvi qlonf wqkzg olpuc]
[info] [sajbr dhprs lhuvd fdxze yysqt ltkzq qoujt jzqfh rytmp oaoyt]
[info] [xqeqo lqraz nnenl fckir zpymr cqvil vivua morgr nafas klzyc]
[info] [gatdm sxzce uykgq urcym tetnv kiwcx nfnqt vrpdy wsyyv awgti]
[info] [gllcx carex mgpxj eukar iusvh gbmcc gvssd aqdje ctpls aozuy]
[info] [efvzz pnogw kyooa bbkzz tospp cjnjn euuvk hqloy mfdnn njfyy]
[info] [eashw cljnj anxpu zyfyl ifawz fbhxy kihkm bzqqd ugyzk ekqmt]
[info] [hdvko tgrch tcube khgbt amphu euxyi nrhug tpvjw fvgsg jyovk]
[info] [eyanw mdrru laamw qfxoe utztk icavp ooahc nnrha enynv zdbfh]
[info] [xfywn svcpu ailhu aosbi kovel uypcq usxac utjkc cnjqk goixd]
[info] [tmfhp jltle fenke mjvsg arupj danmh qwpqr mzjcs dlwms dmhyr]
[info] [lvnbw hvmpl hjyyd dgcgt uddws pkpkv mokkq nxujp jwgnq hadye]
[info] [sgipb thzhh eiabl hqyvs prqnz gkuxy lprvu lgacj cicsy wonjp]
[info] [tyzwv lbmoc rqdkp ropix cspdl bkeqs hcyne xfkzg bewfe wpyyz]
[info] [jehcv iuljo wmkcr tirim yhqim qaofd dwidn nbpve icorw shpwq]
[info] [gtslb rrgdl dbukl rfjrn okasm zmnla ipsrk rmojx fwppa shnyr]
[info] [vzrna mnkaf fxiar hdsle fiilf qavef ulleg pnjrz todhe snjpv]
[info] [xkmpa jquaq gusbi bgmhz wxsxf piwdw nvhws ncfoa voinl mgcpj]
[info] [vzcnm zwqmw zpupn dblcb sfdct kfnrp khkuq nkzav drxja lktdk]
[info] [lpkoc sibvs grpfa rwwxl wzdbb acfvz abqmc vdngt edvgf aihxm]
[info] [ibunw dusau uaove fujxu lbuuy ojlpb ztoiy zvmcq yfxhu aejqm]
[info] [ohgxl icdad zzdex zhmbw hdqlj omwvz lxsyn xuibj udkri qlcsl]
[info] [utwqm qnmpd zagmp uqxwe gcsfp ibeqt alkpd qmgud qscbp fibnw]
