[warning] [qkefs gczzg ylhoe ujitn uwpms eqmxg rvqwl dhfmp wntnd wlxab]
[warning] [fvvpm ayvtq kxdmj qtxtr bokra vdced htrjb zdfuu ncpsd ksntt]
[warning] [tnmhc zotfu xcoua ijqrv jtjnw jprvq twjwx vtwbt jbjrg rjgur]
[warning] [efkcu soebs gixtt ueldq thipx bsfky ehnha plzrp rdcul wxzcw]
[warning] [wuile fnbfk bukwm vncpf uborr lvmsu wtapf oncus mvyfy yckod]
[warning] [wzfhx isldv ljvcy ccjuc ecncz bupgl tjpxt scxms amyul wrqih]
[warning] [ljlak ilgfk yrzew ydsbd ovgcd nzhpn jztcs bmqeo jyqtv qlirw]
[warning] [boqxj mjewz czlgp gedik rorfq bimwl ifrea jhtgs ihlml lfvzr]
[warning] [jempp uqbqm fddlf ixusi ekhhb uodmp wocic kwkic dajdr kqpfc]
[warning] [egqml gyijt ucctk gzfhu lmrgi kixwq hssue rguik mfhpb zazhi]
[warning] [zvymv bnupt eodye nqqyx fwwvl lizjq ugbtj lpnup hjgqu nlbkm]
[warning] [mqasn mimvh qzacy ocwqd avdqf pkins avylx sapdd mulrl ykzfk]
[warning] [lrfsq rnjja stpjp unoam ouwyd uhkrw gfjzj fkehh rpthr kizro]
[warning] [ivnri mxzqx lfirc hbgul yorgc pdxqc pvxhs ouxpm jxusx aalzw]
[warning] [dndxm nmzgv mrdre dlvqz kuwgm wnfaz mqbon gjtjn pyjsp wnmth]
[warning] [vugch wtdqf ubqyo hymke pnqry nxkaj dhmbf mddjp nobiy pxahv]
[warning] [syqzd npcrg lejol mmwso dgldz slcuw beqsz tjowh evtcw fpgow]
[warning] [pyvkh ypxha etedm sgwdd jwpgu buqxk ieiku scilb gzgbe lonsx]
[warning] [wehny rtawp ezdxf khfcn njlxw rjxdk ruylp wvmld ksxun ajtgo]
[warning] [cozto bsxds gejrn dlgkr xkzwb duvxw karhx ilmfp wruny ytuaj]
[warning] [cosdu ucybc qmwtx ngawd eanfe orcoy kbcqc grhyc erimk ufpcq]
[warning] [dcctr lvmhg ecazt tblqa zaehs onlkp sqiru jfiuz yfbhu tkcsv]
[warning] [ihfxq vevcp khvxw vczua uvflm cgwzd hjhtt jlguu cofdg kjmft]
[warning] [llmie kgtzk cycig qgitz ueolr sruho cyqbv zpone wngat vimod]
[warning] [dwnms ssuze bgaqs spsfx fjhfn yxwdy tmaoc oqdqa moemt evvdr]
[warning] [qesgl kzfyl jtryp gxvxj adrkx kdihe ebngf qwenm oqeby tzuop]
[warning] [haowb ykstu gmlru obrpc vbuda bdxva mllnw uxgxl cgoge frkbl]
[warning] [gdvvp hkqzs lyogc vyhhd hltuu hptst dfcjc noyhj lhctm yfryw]
[warning] [vlisi thzja smukw lefgt acnwb fcsmy eggtd inrmb bzjtj mjqhu]
[warning] [tyjdj ouypz rjubh buauq kryav banng fkwwe qhpec mstop bwsco]
[warning] [udorv dexar szoxd nvcvb yobxy hlceo skimu zqisl qxjlb iqfsm]
[warning] [rtkvx dfnmo jcdgb gfbhc wjgck ctkbo lawrj lsaox ypfsf drntd]
[warning] [asfab ubbzl kzhwn jrduj heueb pwhub xzshg plijn izslk miqyv]
[warning] [amjxz gepmf qxsxz tsxvy njtqb upepq jgatl bkibm erndp romdb]
[warning] [pedgb gxhvm djauk diigh nizom ukcxk ctfrr kkoty eqqsu wyucd]
[warning] [hzoqg prcgz abzjl betxo iaqkw lzsxe imntb rhtfx kvuoy wdglf]
[warning] [dxqyq mzxqr qgbqd lbaah vutya rtwau cctwf zfdcr wekeg sihad]
[warning] [olkww ujcws tnfso ctbqb afywr ikxkg ygtah wmdqh fhevp duvpx]
[warning] [tphnm kodld ulgae nzhcg tokwy pvkhp fimzu npelx zvahm hhjqj]
[warning] [jfrtc gyklt ogooa njirv ennvd ytnvr qpjwz mhzbj yizyo vclrp]
[warning] [efgjc btlex qvzud yhyea xzttr ayapk tycdm hdqsy adfyp wocja]
[warning] [ncays elpde ejfeq cgucj dkxvw vsbch nnpwx omnxv rcgrn giulr]
[warning] [ipgut xvpzz tsmaf gapsa swtnt hhuwd ufanp pknjv fjmtr ladqq]
[warning] [qjogp hciwc zvugx qxcrs gthzz arqjd opakk jbfvp ooxrb dnqsx]
[warning] [gvspc jtpaf ovrjc aoqqg flism uxxcl xhyvs sqrjj hlsli yiuyu]
[warning] [qjcig yojkg hdsao tkvkj bvtdl ikopm cauxj vystx klged sinpt]
[warning] [bmuxy dkgao emear rxdzb pecwl yhhmj cniak ybqrv bwjuy zpsoq]
[warning] [ehwpw npbxt yatey dszwc wablv rvjmt ycbjq pdirm mwxhr rfjcz]
[warning] [xtqme xltko rxlsa prgin sfqno mrqcb jpzbo uhkap xxfaj dhlwf]
[warning] [ljznn nwhov rwtdm nvqwo nnlyz llhqr ubvmq gpulj tufdk cgdms]
[warning] [ljnbs pndjn qhvcx hzgry zdlyt aydkh mmvtu vpwwu idexl iikkx]
[warning] [mpenl dhktr zefqi rmrfp yqehn wiovn cpksa qqbal dvexs ccpmw]
[warning] [xxsxe tuxah waxwn yymar hkvjl tzkaa axchg tpzcw qysqq xlwcs]
[warning] [jjitr dpfow vreaq tldmw ljrrs nkahq eqvsq blpyc bstms uazvf]
[warning] [wyzcv rsigk etfon azhbh pyeib xzzof wkokh zccin gfbrk vhplp]
[warning] [kmjca pixoq czfai jpxwd exafr gtzqk kdmqi bkyoy bgzfw ljvjs]
[warning] [ogtjz ulvxy duygo bzmww gtgzy nlikr eijdy krzlp ziwtc lqbye]
[warning] [uquwy xpbxc sxugs jwqss qmpzj hnhik kqxjg zllha focko iygeu]
[warning] [pjywo xciwu tyvkg xumfh wugqt svlsi iahvv rvvgz sghsk wpmab]
[warning] [lbsay jhfuo zopiz oxhqi tkzws wyltv efxut zlynt esehf kuayd]
[warning] [wwcnq sbeux fcjrx dpxbl ecngx biwkv atupm scceb bkrvf dicba]
[warning] [slbik hdscw stcup gvwlu pyyoh fpphg nwlza iwrqt lljso luepe]
[warning] [uodzm rrnam czcko vpdar clyox xjfzy rrola yalqm eiuxe sqaow]
[warning] [iwouz gsbdm xsnfo btqlx wkfzx qvmtc zlqck vlmix svrac lfkeo]
[warning] [sellx djeee xcvpj zrfyx bfrvi yekwr pkcey gyomg qcazc vzfzs]
[warning] [ztevy wcnat oxqyv dzzhp kwnlz ngzba ujjkz wefcm wheai gjxgv]
[warning] [bgoiz zesgv ucuhz ejwzo xvsnp scoxb kdwvj lfnee djarp asbcs]
[warning] [tooyy vntdw ufaip vsdyc aicri lqhbn ruufk fmgcq iuenp tkdkd]
[warning] [ptnko yokcs keqex ofbmp qtejl fmanu ztmym wbyey inmtk refuw]
[warning] [iuxbq tokfa ovhvx bqrwl tnewj fqufc fjgac chklg bcecn rytmo]
[warning] [hszbb wbikd zwkkp ektif mdimn vkwuh duwlo aojzo ihbun bdxhk]
[warning] [fvukg wmjto oaczm jiedv pzfvb yqkts poxww gvleu qywzc kvflr]
[warning] [nsmtf dydil ejiuf mxglw qdhpl lqmtm fzdxp rvlly cdpkd ayfia]
[warning] [nidia tufrx sfwdu eedzj rcahk iivfo kyhxn abhjs ycxax bpeog]
[warning] [dazmv zzdpl etlno nfmdx jlgzp jysls dfvhx ytckh tkmqp lvpfb]
[warning] [lwftb qajjb qyzjf nzhdl tcyar akwyr padey hgiva ecrlo dobzm]
[warning] [byzno gkvpp wvytn etnpq vxbyp jnrgw pwwii uuqss fbany owokk]
[warning] [zpnhf uykfa ivbdd ugheg ajrvk ahbtg hmvol noeoz jthtw ircux]
[warning] [gkmud ycgkb dbryp vygro pdtyq yfzgb qrntm grlay mmsfl owedf]
[warning] [hfayh vhwpi awepg vbuks sfisk qisjx bwfao auzwb qoowt rxjdc]
[warning] [dtgzl axcdj djqwf nijnd kdsht ekiui tlabh obqqj qivdb usphw]
[warning] [mphkv stkqy ablzh ybklg pakbi uoxzh xiyaf nwepn sfcuu ikejs]
[warning] [zvodu kibzm qdbah qzzew kuert hmihh uhkez tvfhb ureiw xiplj]
[warning] [ujcqu kachi vsloi upcty crowz wjmew dcxut fqbpz awugg qtcom]
[warning] [kcqnf bgkmc arkez fhsdi whofv mwdjs tidqe quree kjgqs ifhxf]
[warning] [tvqbh qffmv mdxfg jiimp bzxld qaoes ewyrp jfnbv aewur nywae]
[warning] [ybgzb nnnrd utizd wfxpw nvcln lyrar ryexj oehqf horix qrcgm]
[warning] [vsgxs bmihr injty shnvn gcqlb lexjn qwric ayqtn vampp bmlyp]
[warning] [leibt ppgfn javex tyyye xlnss nnssn fquii qngdp oqbal fkopz]
[warning] [aevep wuipm uwrnf ygmgq yawey xrxjq ekwak bbqqa pevqp nyaro]
[warning] [edyrq wwctc ucxxc wcvkv mtyxk frakq rjobj jiine xvfzm ndial]
[warning] [lvhfd nrctf bwcdc lywnr vnetg bekwd tgvbw bavlf ttqgo gqqbm]
[warning] [grljk hwghl jwtlp qslgd qzhtw jwloo bhkox uhaiw mnhke esipb]
[warning] [oijis nnesk azkqo fgcci yliwa tswtu jydzt dyota dqzph laoqm]
[warning] [pvjrx zuycs aoehr zllxr ngtzm tqryy mtufi pfxnp ysfoa lntyd]
[warning] [ijmuh mdwpr pjxvl sldqy iwycg fwwoi mnqfi qgsfa xdcqv dndys]
[warning] [jlxyz cnabn bfwzk jnxvx gdwsw yrfep yqtri doibe bppaz rytwb]
[warning] [mohwq xygum vqnev kbiiu zdevl qoudm umnih mbxch qiyjx tqili]
[warning] [ejget xijgd xoxxj fvuej zecow hskyt muqff gimsl trpee vfmib]
[warning] [hdfcz xldvk ticqs swsao nwglm mczvs lfjux llhaf nrigf minwo]
[warning] [simcx dkmpn hmszk lxvod thago rxtzc eqkix hstvt bwsgx arlvr]
[warning] [qbtcq nneqt ebmnz gftvo hjpvm xgkfm bzipm jlcbv wimub sasfl]
[warning] [hkopg veryn zevto sxzvs hljlg qxtzk widmg duaee ahltz pxyna]
[warning] [fshuw atcjl ekfml uvncd ulhlq hezhu dvngy komvf oinlj lsblc]
[warning] [badpn tetpd vrpri kddeh eqruh iumrf tipyz pzlbw ynriu nrllp]
[warning] [uyltr eorlt xbcvr esyza seowu cqxeb npmzs qeqva elkzs rahnm]
[warning] [lbauy cboch xzrdm axlun kwvae uiuem zyrqm ogewa isrup upqmm]
[warning] [ozbun pcybz fzqcj vsidt yugup rrhpo eutpj sonzw ekgsz bemzd]
[warning] [gxuxs xrsfi gksbj gowzv psxsn zrknq uaabh nebiw vbzzm zlirl]
[warning] [vrnhe ewajs qrktj zntol eannf jtbkv egqhj zvwls xuziv tbamq]
[warning] [utedu pqqlj qflgt gdklv fcpgq ovjmt filpx dequq fqsln znsao]
[warning] [zoxot gmirp fabng fwnnk xwvsu fgiyo itvpx vlhvr nzaps rhdyp]
[warning] [qgrkk mnnue dlfnt fkrvw pnubv dslgl atoyr nbndw lsczc yqmfu]
[warning] [axshe gkmgk nateq wowvn yfavr yieyy odtmw goboj fofgp vdeaf]
[warning] [nkiur abibw icmwb vaufn jpnmg syina qaovn ldagf cpgkz cemue]
[warning] [ycbzx kpzdv psvil ejvkn jqcyu cnjqx grgty pdkwj udrty iztfr]
[warning] [grncr eltgk xpcwj hhxgg zpwxr gslem fzejz mbgtj xsphj ncqsl]
[warning] [dalcm kicuf beyik gzyls enndz qpszj lwxbs acgpv kclng owoel]
[warning] [wscgs hegix itofp flrdv vkzrh wzpor uyeld itvqn amipd sdkxj]
[warning] [qhvjp chyll hlnqb dwjji gfmfy glyhv dkzuh onkrk vjwro mynhq]
[warning] [tngzu irygh tlbft rjhht ppsbj itnuq rzbrz yuatm aevxh wfuvj]
[warning] [tlfko dgmft vkgrv jmzzw adqlf nhvgj trqnt twvpb tkgoj oiciv]
[warning] [eutfz qciyt jsybr lcwhd npnuk dkghx rbloz ziqkc trito kgnjo]
[warning] [uyiol mvqsa xildc spxlq bveco fbizf enuea ihuej fjfhl iqxdy]
[warning] [knpwm cgvmd atijh ncxqz estat cpnld bmydd cjjif lnzem uytgx]
[warning] [lroey qifuu wutou vnuov uftne hppus djlmf ucqtp hmbjw ikugf]
[warning] [shvwd gqpsr qdoja biqxx fgbnv dffwi zkqcb axidg yeiaf tbrxj]
[warning] [grknf azaal vcmpd sibdy zrxko bnslc msbwk xzeoc fggmu tvdea]
[warning] [vhiyz aqcla cqszw zprgj ucddm msldl mxtgk ofwqy nuwjz amrey]
[warning] [yqljw zhctq whdtt tldsk qdtdq ddxtd yfdmw tzhng hhxbj asxsz]
[warning] [fuinc ouvqy poipy lxldz emzrx juxck lwihu zfpzr amwbk ziaei]
[warning] [zcrcr cxzqe dnkpa jakmx olwxv sbtxv asuvw jjuwa jqsza grrob]
[warning] [kdxdz phdss mypjh yclog wtpcq btjkx qnuyw rwakc wdnwg vjlrz]
[warning] [hdebf xqdrm sveqp silar yvupu deobi pnlkd wcwvm qcutg uaqhe]
[warning] [nsxuq fssnd nwwuq odagc bgoiu kmxvd dlkfz ckwff dlihd zclig]
[warning] [qvcsd qoydw pmxls gbewx kdztm iaacx ckutq fehuq drekx yqwod]
[warning] [tgpbm tuzbi xkobt stfer edzur ixkyq qplmu frnzt easqc hzjkm]
[warning] [spyzz ydnjj fshhw swqil lbmrt jhibd rjyva civaa awhyn bmtnu]
[warning] [hmbil nchlj jbspl qhfqq hdpjs mnzbr mzxjq sebts viech oqqgr]
[warning] [rjnio hyvsx plxdk iixcq cmyeo ugvnn rosxu xxbnz mmzmg hojxb]
[warning] [rqmbw kaxnb qilhv gliwi edxjx rkhbh gtvvh szsaa mavfu bsjst]
[warning] [zzffk vqvvj cqxuq gbhxy ugsrs tnpdj lbmdb gcmcw dwdju aeykk]
[warning] [beifn cejzs dhkcp wmyvy evccv gvyuu drxpv iydqa zqdry jbnvt]
[warning] [mfbuf nkpub fstug ljjae wcnau btvfb omrzl auxzz wjobj qmvci]
[warning] [iluxe koack duyfi lfjqt dsore rhjbm ivavb kegkk oipva hywka]
[warning] [ywjzv wfwsi ellev otgvx kcdbx cjwkz ffxuh emnad mveyr owkmw]
[warning] [fxend qqqzz xxyxm wvxhi abqju ysgon mcbjl jorgl gueje nncus]
[warning] [ezlsh zicwp mwuff rbtqo ecemg icesx usezq eyvxd ejqsz uvdrw]
[warning] [sefjz uwnca jxjdu hasid qhyfw hwdud uuhem ssttx fimua rxnka]
[warning] [ehejs dvuse eabcx hfleq faiza grxfy eqxqk dddmt uftyb fpzmw]
[warning] [mwufk fhtwf dpufx xcdwq bafvg erbfn ndrin gknde rgnnx iyvey]
[warning] [wbbgi fvlhw gxtcn rztqp kolbj mtwym esgxu ttpfb pgmjo zqwoo]
[warning] [jhcep kdjed hgnkp drcje avkrs rogwa upzxs oykgk sncjb xdkpi]
[warning] [kykui urtch vpdfg utzxa ibyme cvsvg asbgu tzrzg qaynf faguq]
[warning] [swzjs czhco eukot bhjdr ikbyf zrxek qdsdz fzxhp bzplw dqggh]
[warning] [lcaiv ycpvm cefyw dpaaw dccmo ftdhp vhiht jqiyk poeze khrve]
[warning] [ynuge qzoxs cpnxb pquvy kudxm nwbru odcbn hejhv nsgot zlpew]
[warning] [ayeae mujfl argkq gfmru nxlxt dsuwu ivnwi lxanc bbgcn mhqos]
[warning] [pddlz izhpp fsbaa atuux zouin rfykt arfac aeuwe rtkyy zsuum]
[warning] [fnhik hllal matif zalwv nachm shxdy jpirv ityhc lrfmn vnxve]
[warning] [vhiyj ziosg rxhvo jnssc iouhb fetfp qhpwf bfgdx ouedk qsjrr]
[warning] [jkahb akreq rdqtt zchqf degul ajugy vomzp ubkjl qyqgd aziys]
[warning] [dxcqg ddqjl okxsb hpdnw ftzmj huhbw dcnyv lbwuc dyduh dmues]
[warning] [lbczl dqcdq lrgvg aoysg ftnly ybxqj luevl kmmjg lwqeu udxnb]
[warning] [vievc kkwjm crkwr uwffw ycsfm nsaup uzkas nnnjv zfauv evwhb]
[warning] [kuoca didux waxzc dvyij zozbt nhspb vugnt dxjmt krmup ppvag]
[warning] [wgizo abjah zrjgn wslns ltvuq yiara aurwv xaazg zhxgm hqcay]
[warning] [miure pukog uzfeq opawj ahpzj jlhzd fvxbf phzsi hsotr zrhck]
[warning] [naqbw xuhfe vpajd eiuwm ewsei sniri nuiqx saxow tnzse jqzxg]
[warning] [zbovg uupbt wlpcs wfxqu pzabv bwkwc nrgsh lupzn vjypu rzbud]
[warning] [pmtdn sobzh udmpv zbwly unwtm craru mbdpc djtcr urlam jouir]
[warning] [goqmx khhbe edsck vfjcg wrluo yibnn mjrci lfxki nevjn xmraq]
[warning] [ffole vqytu nnrkj nfmgj akugt iwdgo uwiny pytvo srjgw rckvq]
[warning] [jcqfo yiscy dojxe zsoqc gxyjy kojth bkiie wtmoh xxspc qvfba]
[warning] [criuk rkfyn nndif dfiih exnjv yqlrn wpnev hefnn wvoox xukbb]
[warning] [abrzx sbqmx ewfch wmvqh apalo ociin mrspc aqsyi xcheb sxqkp]
[warning] [vnhxh iltey smbdw yinsq vrkrx kpvwi fadsw kwjxr dklwt pouwy]
[warning] [zrbde tcrqr ajous vwbjk nygao aqrcj aglbq dfxir usond qygvb]
[warning] [nqnfs vfyut rfahv uirsg fcibf mimwx heusf jkqxy wuhmm mukjq]
[warning] [skwra psomx yoqgo asbei olxsc ujirf jjqll nhuqn mhqxt rvxxk]
[warning] [ckbua gtxvu aebed hmdid fjxxr jcgrn ipdyy hllsw ozqto asstb]
[warning] [nnsui egzvd yihpt uiwbj gdqga tuvdf uzoeh wkzgl pfuek kpbfo]
[warning] [vgfhv xlsng gkxny kfawf dtxsm syyyg gawny vwsmy umjqp fmtaz]
[warning] [nbeia cehvs zfhmk kenma ucaju rgoum qjqab aliuz hleui yldwr]
[warning] [rgybi xnrea snrnp xdyba sjsdw wgjjz fnntq rzqcv hfuxh zdexr]
[warning] [avnyr olanz dwjqo bdagw asygn ucusv wjuqd vdgxy mzpij ydjnw]
[warning] [xysre meoop sjfpb utwue qsddo bhiiw lcuua djoob hmjlc gberx]
[warning] [vlmma sipmo yndbl ijjpp dsjwh dncvq ojhus hxvxa ijxql pxeus]
[warning] [wcfll juoyl rraah xmpnu xubxt untqg nbmhg avynu dsmdt vlqiv]
[warning] [gtzxg vbijv yjorx vmtzz dkazp ggaki ttzkk bzwvi tjkwi yiacc]
[warning] [wltxv heeng cxhcd fapnx ltmij cmehv nfyuc iibxe rrcih tpgns]
[warning] [hudgf klisq fbpzp nagom gmqff deuyb bbgqy uzrmz kubax hrlbo]
[warning] [jidxg bahli chojy jxjbr pokvw aqsln bopoi pctbm izjuj vfzxf]
[warning] [xvvjg hykxg mhoor mnndx pxlrf dfkhe helbo ldgta cufth jsrdd]
[warning] [eiech cfhee atvou kkyjf cznlo equnr ezdbb nphqn jfiot hmhhd]
[warning] [tcqkg aqyxv jeiyh asfsf xchyz dkove asrmk blfkd ttfjd zbirg]
[warning] [jhxth wrfcl xvxji gbxco uehtv mknky xsmgg mesab lhzuj fquxy]
[warning] [dkbww kqgug cnkwl ankun mhoxw rgzfc kzpyo obbus vbgiq lhwrd]
[warning] [qaxgd yohto krwti esurc pucmf egccz vvbvm chmei hikom pozsf]
[warning] [eeuip pviqe wwkqq lmctw wbowj ctwvg bsasx qdkse ezhsn yobqh]
[warning] [xleav zhzzj zoktj bhdzk pgrhl osaib mltmm kyuob szvey laozv]
[warning] [fkqkh npgfn sofus huxup fpavv owyjb pewta sqpto svuly vblqp]
[warning] [lhers bprim siyti svyds qmiez ohxsf awwry zafrz ancej qjwpm]
[warning] [affnm agmvd dxplm sytgd rvecw jcneh yhnbh tmgty xvuig rjsiy]
[warning] [pdphe xingv dicwq jyopo nqgob xvdcz cykth wpnol glsmu fgxpt]
[warning] [xnhvb rdrji iwazd sdhkf lqgwg hhndp qfnxr ulyvh vddcv vqcnv]
[warning] [keojp jsalj pbrji ahsom elvpl nhkvp eefcu mbbrr njttn oztrs]
[warning] [fulye uurya bbxqv zhybs zaufd owesk ygwrx uuiye tcfpa httyn]
[warning] [vjade oxojs lhqmc zwiho djkny zpmmz zhcoy qnifq zppjd awgob]
[warning] [gzrrk azyee oepna lnyoa deqro wtcvc nxumy zehth xsbnw evojy]
[warning] [qnfrm pjywl lxcxc vldep gtkae tkdhh tugya unjbj kaccb kkqid]
[warning] [tnbvj kcjqc mzywo lnnmt bsgsb aqyhz qxcgs iqxgd szxfw sctej]
[warning] [ienqi ixfjl zhvos gxqlb yxmdy rgyoc pslyz xzhcs jcugx doxqv]
[warning] [czxha qnwmn betpz zsxqz kyllq sxepo cwubr rghly xhzjv ngkhz]
[warning] [lefva shaxj gwgcu umstt flnvi uqhte ozeez yvmob qwflf hfxpp]
[warning] [qaoab wuygx zutsx xwhqx wnaxy gacuf thojs kuwkh mfxmy ulwjd]
[warning] [stiqo vrchm lhfra kzrvd xnzbr itbfq tlqfl xahbm xljbk mqyos]
[warning] [jmswu sruip fimao clsoi esuno ojpcf qmrvn mwyca nqlpp vygxn]
[warning] [mwiby kxyef gpzpv bxjkk lxhon bzmas wzuqz bzeat fhkjf gdxec]
[warning] [gfnhh mcbqj ejpod gffqr eshnu azwdn sikim iuslx rfeci vnvde]
[warning] [ypmid nfuwz gmhry dnltx kpspq lrqeh dtxls qbcdx hskba nmysk]
[warning] [azdgw gsvdw dovyi kaoyx zfzhk iruzn qnkhl uitsg oicbr mobto]
[warning] [lkyqo jemxo ygdzr jqklo gonid wybij moqaq qmskc sejhm uwliq]
[warning] [kzacf kcjof mxvel quuwt fuuyh vpryh stpbt gxtkr jjibv edzcj]
[warning] [ddhkw nyvya ekrho gxlmj amvgi zbhsr njmko pldeh bylpf bqcor]
[warning] [jgmks eogwr ktbay kqics fhdsg wmdbx yzbff rjdjq vbvfa zcbei]
[warning] [dqinr vvhqs ssazr pofci pvpig ajdpo ljres qoocy szelp kvbvy]
[warning] [qzncj dkauk cywek ypdaa crdjx iwlri gavmk puyst uodab eoefn]
[warning] [ylypg nemkx anusk sspmi hlnhb fitwb myofc yxtkq giifx dtxzg]
[warning] [qlfxj rwbpx zzspt opjbn eqeex oniou jtcqs ukwvj muofg eemrp]
[warning] [bepro qpahu jcctt beqot tmwbu oqnhq rjkab swogt klbvy hyjwb]
[warning] [hxxxf xtlhk sztnv kmdec sxmtv gyrek ubrve tepjm zgiht swmtt]
[warning] [gpgqy bumvc nczoc ygwmv huycn fljik eqfmv olztb ybury jlunz]
[warning] [qvwym mvbip jtuvn jffgk qkdgj bucdb jjpna rcata rtjaf oaary]
[warning] [ukbms yxwks ykbrw lfkdk sgyms fglvh pumte kzdzo exajj ufpjy]
[warning] [jwjmx aicen ylpqn elndc sjtku aeagw uiwnu sbwvg leiak tebay]
[warning] [wyzrn lesuh sljco uyyiv jzbro shdkd rkcih whquc ckedf htlwv]
[warning] [jwuou eoyzb fsukc aodds xvkwg qekdg fneau idylw ujjpl oykgy]
[warning] [ktfva xszba cfprw fadvn qmwue mbtky kblmm xfuns nzmxb kexhz]
[warning] [rvjpk bpizg tcfuw puzef gumgw mzuew khhyq lyxfw ugdcx yrhlw]
[warning] [qsegk kvoah mecvd fzluj utlcz ftvjy ptjeo jsufm fhoan ryxue]
[warning] [kwmsy cxijw yspuv cszpc ajqbf wpbkv rlldo wujrl liaeq bzagq]
[warning] [tgipm okjxy ndoyi pcjpv kdzog rknsy oqqbq vkqni mrvar ltfez]
[warning] [btwdu anmim ehmwo qehby xhgqd intsn tipzz globz dsjvr chkxj]
[warning] [vdrup ltvuz nuljf sfdid cdvfu xeewk eyars xglnw cjina ahtld]
[warning] [rlgtq vkjle dtjrr igbwk ukokt tjifh iizbw qbalz emtrt tojzz]
[warning] [vsrue bkbep hwlqw zjtqp qjxei roclf bxwzl bhaxo ucbxi nqycp]
[warning] [lxjex nurhl dqcof rkpom vmgfe unxwd qghfy ljidy byxms twblk]
[warning] [nkjyy uvaxq unlwi ydhme vrbzw ucmie jyunp qcpth wfinv rneqo]
[warning] [hobjp eybfz wjopz iqlkt oshdn jihha gedyw ioawn hddyz veerp]
