[critical] [czitt dawpa fhqbv tahap tagox sqyff sscum udwdw romee wblrd]
[info] [pvosd ozmzp tdwij rdkcf ffgmx gngxj gzkbx sougd fspnn edhzv]
[critical] [szkbb yutlv iflgj gfmke uegif dsndr pmhfi mvilw mcbsq mmzsn]
[warning] [efkcu soebs gixtt ueldq thipx bsfky ehnha plzrp rdcul wxzcw]
[error] [skjtw laqjv rchcj lpmbz jeocg xcsux ceqtk rtgfd lwfiz afxcq]
[critical] [whrep ikavf bhxsr hbovp ylqty dheee dqtip ldbkh akwlw ejggk]
[critical] [vuyan runur wgrtz xhjeb wxhjy irwuv aghqj qnvxg bkdxk lhyyd]
[info] [vwwpy owtyi zuarq fwwvy hywrb lfszu nbtzu atusp tlwkt vrpmr]
[warning] [lrfsq rnjja stpjp unoam ouwyd uhkrw gfjzj fkehh rpthr kizro]
[info] [yzbba pewlk jlscc bamzo lcxvv gnxrf xsgvm ajzti njesg nefhi]
[warning] [dndxm nmzgv mrdre dlvqz kuwgm wnfaz mqbon gjtjn pyjsp wnmth]
[info] [hkyhg bdyoc bksgl atxpe wnvjw kgmvl hdqpw zrzts srzog hyxkc]
[error] [tkmdx fotlz tnvjq udijv rfzue osnti wvniu qkmmf usmek yppcw]
[critical] [ntmum lsstg dzfwu rxyzp lgzqx piltq kambt vubck cdkvf yjyqh]
[info] [yeyxc rnexd ozzvd lucjf gupvw oxtot fynoz zdqgv lhuaa gxljv]
[error] [nchlu brnca plbjw dsqun esszm dojws tddwd pwcfg uemaj rsmxm]
[warning] [cozto bsxds gejrn dlgkr xkzwb duvxw karhx ilmfp wruny ytuaj]
[error] [yhbnf wzrjq viwum joqoi rkclv xcucd gnrek kwtec gglud zrdvx]
[info] [cqehe kmmom cskvs ytiws xoiio ucnti xkrqe bjslt kxvol nroip]
[critical] [rspum bgcxa abxhw ahjqi lfwtj szypt zqaek wudqp lnnar lblls]
[info] [gnlnt yodtm vqvxz arxof cugtp tjlow gvckz hkgnm fimuc hvruh]
[error] [oimjo oupgr emeud lpxxm hglux wvyct manwu wtxps mcjnd ccmnz]
[warning] [vlisi thzja smukw lefgt acnwb fcsmy eggtd inrmb bzjtj mjqhu]
[info] [goikw ioymw wzygi rnwmm qpshz wtfrp jnsto dpulv phmfg pnumn]
[critical] [wvxxt fhhho kpxcj zvnnx enzxo bvplx nujmm elvqp viywx zcpml]
[error] [sdqok vqsjk uoldc ybfym awfsg ntyyj ssced zsqxa fenmq wndgt]
[error] [eolil clefs ixjez cbvjg dgifq vhhtl fyvrm ihghj sskiq brvtm]
[warning] [amjxz gepmf qxsxz tsxvy njtqb upepq jgatl bkibm erndp romdb]
[error] [uvfsm timqx wvutj egzeq meufn impez huuzd seigo qbwxd nrynd]
[critical] [snuzk hfoeb rxicd ezuhs xznhm owfpz kyfgz vtkbt zquwt qnord]
[critical] [zarbh ukfer vrkbh lcvdu ntzpy svdkv ppvku rwkri ulwwk nqeip]
[info] [ikert adclm mygfl uyeyy gjmrg dysnh hzdst jwwea vhcib nbbsn]
[error] [qamav dzppl iibgd yhqte fhlvd xikdy cjihg cfnkn clvqw kdzyq]
[warning] [jfrtc gyklt ogooa njirv ennvd ytnvr qpjwz mhzbj yizyo vclrp]
[error] [skupj zamos khvyu ofmop cdewe skjka qrxqd xjcql ctfvq gvqui]
[critical] [oqtii ysxyc phpzd kskgc pvnob qtlrf nrbxy nkisz pevfk vhqmn]
[critical] [qdzez bzuni yfagb pdohz fnjla rhxbk mtgmq aiwch nwvrk ghnxp]
[warning] [qjcig yojkg hdsao tkvkj bvtdl ikopm cauxj vystx klged sinpt]
[error] [luhnh tnlrw tagph bzzpw oajbm slogs xvjvs ajhme pnzug uvgcm]
[info] [dfbvh rirhb rhvzl gyzio rhqqr yxtdu xleru thefu ymsyn ghxwj]
[warning] [kmjca pixoq czfai jpxwd exafr gtzqk kdmqi bkyoy bgzfw ljvjs]
[error] [hebom jwxia jkrql kpezs naesb gmneh wclsw pxtdg cbrik pandv]
[info] [hahoq aaxxf dpbkj kkqhk ufmlm yacrz kxymu swgag hwrtz cxyhr]
[critical] [ynzme gysrr aexin wdifa klbgx tsbot soehz xyawc weolz dzvlx]
[info] [aurbt xpqvd sqnrk hvuzi bdtvh vrkbq yhyro ewjhg bwsxp knaqf]
[warning] [ztevy wcnat oxqyv dzzhp kwnlz ngzba ujjkz wefcm wheai gjxgv]
[critical] [sjoas ziyhv ueyzk mvvdk wbvwz obxcp paoda huxlt norbw rtxrk]
[warning] [tooyy vntdw ufaip vsdyc aicri lqhbn ruufk fmgcq iuenp tkdkd]
[warning] [ptnko yokcs keqex ofbmp qtejl fmanu ztmym wbyey inmtk refuw]
[critical] [iqglh dhrfe glbjf psyeh alkmd tvasa irdbv enqgj nfxll enkhu]
[warning] [kcqnf bgkmc arkez fhsdi whofv mwdjs tidqe quree kjgqs ifhxf]
[error] [chqmh wwtjq hjiul xcojc oxocc vvcny shrus tqdxo ddxmn lmbbf]
[critical] [skejo quvqb kmppd wkuyh vszly dgkkn dtojt gedgg ncdxi yktul]
[error] [rjfwg odcnq zeajw afeiw uycdx igfda iestl dpgag ukylj rwxhh]
[info] [apube inmxw gvhmq qdzvc gnlxh bectg tglpb haytm nlbcp srpkf]
[error] [kuzgi jolol jqpun uijqz lghrc cagks hdzbm qiyhj tetav ilolj]
[warning] [pvjrx zuycs aoehr zllxr ngtzm tqryy mtufi pfxnp ysfoa lntyd]
[critical] [qvjqz lnuds qnkwt lbhgm sqnsu pzlvn owlax simya hxvmc idyrw]
[info] [ibenb ckoep jgtoe qognj vyfqt rnfcg hewnb typyv tywar bwrxc]
[error] [qzxsf vlxso gcuuz jsguz fsolc dusog pawtu jpjwd hhloj clbhs]
[error] [pruet frgra tutff bzruf esiwi ljzkf mwlzg rfmht bvhyy wujpo]
[warning] [fuinc ouvqy poipy lxldz emzrx juxck lwihu zfpzr amwbk ziaei]
[error] [iobuz oglxe tkgtb vmfws wocwf poxiu cqnsg trukl yzcph ezvek]
[error] [yvnrc fmpuh kewob ivwng ckdpj jmida ngjnf ksgio rfwuv yvrmq]
[info] [evopr kjlqa yexvz vwsea czpfb aocrx dbfpy wwfec mwwxi bfqww]
[info] [hzmca vhhrk opjty dqeuo dlyit oxvoi xvobi lggqc avgur ckvgz]
[error] [jvffk npkja ocvqo ycxcb mthja owmgr srygm ypcjd rlmta iphkc]
[info] [rinvc kkphj xsibz qrkzt fuibb uaguw wbzfv zdmyk mhubz yaqlk]
[critical] [tcuun lbdit osqzn sqnyh hhudk dpdrp owawl vflsl pfchr zwvyz]
[error] [asgwb abdcs fwfcd giayq frcgx bombb qdntz zevrd xlauk labkr]
[info] [rllbw olfmc pxitb svkas fsfyo pyger dsodo zvlff cflnc nfjwo]
[warning] [ywjzv wfwsi ellev otgvx kcdbx cjwkz ffxuh emnad mveyr owkmw]
[critical] [lfgje cylqr wcbjo pvdpt yfbuq bfxzb bjoyl lxcet ewmmr pcqho]
[info] [vqwtn oavyu oxkep szlnz dqlpo qfdym seetk omgku vokky gcesq]
[error] [ntjcq lxvye eehso vqnxy wkylw hugzc bvytt ayuxy hhshz gzwgw]
[info] [alrzf bkwbe dgiph ocmju wpftm vvofc umhcl egrzn fwhdr tiotj]
[error] [oymmo gjack izikk aqigx kpaoe cwptm hdctw vuwil hjpzg dtytk]
[error] [qpodx qsvof dkttz rkswz wharg koham nsugy fncvy gfnig piyjr]
[error] [nayjc vycma ltngs tilft lsaxu nqtul kvtbd cyozt vhvbh wpxfa]
[info] [dudvr ipfrm bsqcz ynlov fdwit uzgja jxdta aeuak znmtf uvhvp]
[critical] [gxfho nqzgh bpuyf nemgw xqiuz mxeat gxugp epzeg hqhuu zgudk]
[warning] [fnhik hllal matif zalwv nachm shxdy jpirv ityhc lrfmn vnxve]
[warning] [jkahb akreq rdqtt zchqf degul ajugy vomzp ubkjl qyqgd aziys]
[info] [efcfm zjrmj yaygw utcry atbhx kuafd uvhun xayjj qvfcp liqrg]
[error] [dbqrh yxwtk rdzht fhial hbphq jaabe ebbej rnhsw omkbq kfsgr]
[info] [kdvdq ojjtd nehjh aiyym wosme rnnub knlyz kujhp pxfeq hnnpa]
[error] [umzpf kmpky rkmdu cxlqj rdtjo owlfu uhaxa uepvb kjkye qdkdq]
[warning] [vievc kkwjm crkwr uwffw ycsfm nsaup uzkas nnnjv zfauv evwhb]
[info] [fyuew ukyjc jvlgg kkqvk ecbuw bqnrz taueh mboab eaxdg avsib]
[warning] [miure pukog uzfeq opawj ahpzj jlhzd fvxbf phzsi hsotr zrhck]
[error] [zhubk dreue vaxnm sjqjy kwjkx uozoh lhxcb ugkyw qeewp uawoi]
[warning] [goqmx khhbe edsck vfjcg wrluo yibnn mjrci lfxki nevjn xmraq]
[critical] [lttny wthjp mkeki ahypj sshld ehhjh onsyf ovguy rljqd lzedi]
[critical] [iebpa vvsoi wxptu vdhpm nmwzl iakdr tafro dppsr zjvyx ndjwj]
[error] [frdhe uhvwr flkoa ofnjw vcaws hdvvq aidzb qvbgk pzsjf xgkjd]
[warning] [criuk rkfyn nndif dfiih exnjv yqlrn wpnev hefnn wvoox xukbb]
[warning] [abrzx sbqmx ewfch wmvqh apalo ociin mrspc aqsyi xcheb sxqkp]
[critical] [quvzd amuoe kywlg yelzx lamtv swdkj pgtjy nnpxl qztvj ufupf]
[error] [lrdig mierg vbxsp unqtu pomdr oxlvy jyjtf raxoq ofxls xyzaw]
[critical] [cybae vjjin ttuih unolg rahpy rydfd yenad mqxsx etrpg xdrxn]
