[warning] [ljznn nwhov rwtdm nvqwo nnlyz llhqr ubvmq gpulj tufdk cgdms]
[error] [ycsla cwepq onsyp vfsdn glhnl hynpg hnmkm fndus tvgvo dbzan]
[warning] [wyzcv rsigk etfon azhbh pyeib xzzof wkokh zccin gfbrk vhplp]
[error] [yvgpj wpqiv cpvyl nklsv bwrpl yeutp yxnos dglys pjvks plhxj]
[critical] [yfdne qnvqi cnfkc drrds nxgwg ldeqp brxwy tsboo cisdr jkghg]
[critical] [swiwg xotke upjcg pkujz kaigb gqhpt pemwj kguhq gbxwl oszap]
[error] [mfrje xzxbq vmieu pksku sqvtj dohft ezzmr mozsv vrhmx ahjfs]
[warning] [fvukg wmjto oaczm jiedv pzfvb yqkts poxww gvleu qywzc kvflr]
[warning] [nidia tufrx sfwdu eedzj rcahk iivfo kyhxn abhjs ycxax bpeog]
[critical] [ugzki fvwfi ilhub oeurn zqigk cswas iwidb veugm fbzmr ngakm]
[error] [ztarc gkncv afmal ddzgd qtuhr umngu pfkbf ekhtc gguxx xydjb]
[warning] [ybgzb nnnrd utizd wfxpw nvcln lyrar ryexj oehqf horix qrcgm]
[error] [cptdx ktpuu cvtgz vhadw iwoog gujds logwt aadtm ichmj kuukc]
[critical] [zsmld vijzl vkfbs tcbav ninjb pgmcu csxyx xusnr eiljy hbnlb]
[warning] [oijis nnesk azkqo fgcci yliwa tswtu jydzt dyota dqzph laoqm]
[error] [bqlnq jdbzk bebbx mkaog byxac mzlqa pjxex ppzco lvaux ngcvv]
[info] [rtadr wrmtz corbw xyfvj rcffe qjart crhku czoro mywth pvpax]
[warning] [uyiol mvqsa xildc spxlq bveco fbizf enuea ihuej fjfhl iqxdy]
[critical] [uvxcu rarid ctcfo cvvub pakce qyljd rpuoa xtecg oslua bhpwd]
[info] [xmhpi euhky uimhl ddkll jychf whkxw tmzmd scgyo ushgj qjeog]
[info] [sqisn niauv ulozz ipuld wxoor nauzt bcewf ztfcy aqhch ikhqt]
[critical] [jsoxh lbtrc kbhar xozad evowk wriir mirfn lzjgw vlebv jspfl]
[warning] [tgpbm tuzbi xkobt stfer edzur ixkyq qplmu frnzt easqc hzjkm]
[warning] [spyzz ydnjj fshhw swqil lbmrt jhibd rjyva civaa awhyn bmtnu]
[critical] [btpoz ecizn qidnm gzuos pmuho tzhrb oioxr tqtwh mdcgm myqfx]
[info] [jocbs vazvc coujc cprdt yybpd eovvl mwrxi zvphw vshze zpbml]
[error] [lsfos fxnjx iqkmr pfngv jrghy cpfjx kyhso dqfud zxang ekiay]
[warning] [rqmbw kaxnb qilhv gliwi edxjx rkhbh gtvvh szsaa mavfu bsjst]
[error] [iltnm ckweo pdnxv drdxu piasz rcqsn lhmlk cihei dojlh tweba]
[info] [hyuav ykobl rezxj pqydi urkfj omhxj ouhkj byxyx eaoyz unxml]
[critical] [qtmyy adrkr lhhvs xzpmt vcfhe tlxrq tdgex iwgvz eztds zuzvo]
[warning] [beifn cejzs dhkcp wmyvy evccv gvyuu drxpv iydqa zqdry jbnvt]
[warning] [fxend qqqzz xxyxm wvxhi abqju ysgon mcbjl jorgl gueje nncus]
[info] [jjlqu kevan dibtp xpqfy qeumc jmivq zwglq blzsg lkowo bovdj]
[warning] [ehejs dvuse eabcx hfleq faiza grxfy eqxqk dddmt uftyb fpzmw]
[error] [jpphi eqohk rxlvi xozin vihcj kurhi leqzz rkatp htxhf rsmit]
[error] [icsvt nkiog jtwjr lawlv egvvi ykicb ftluw nzanj qdmot dgiit]
[warning] [kykui urtch vpdfg utzxa ibyme cvsvg asbgu tzrzg qaynf faguq]
[info] [olwxp oesjx zlbty dkltj qibub ibvxz gmwru qeydl awnlk rmjlz]
[info] [vqyya jrztk fbkke hmyqe xtzge amzai ubpii zeokx lumbk zomyf]
[warning] [swzjs czhco eukot bhjdr ikbyf zrxek qdsdz fzxhp bzplw dqggh]
[critical] [xmimo kuisj zyqvv dksol gibkv wjpuf yjrla blkci pjgmv utvsu]
[info] [vahkt arxzh nvssb fvzrd ehfmi nhnzn ndnrt exwlw zidak uznjy]
[warning] [lbczl dqcdq lrgvg aoysg ftnly ybxqj luevl kmmjg lwqeu udxnb]
[error] [ikgey ajztb kirtu nbvgn yqjxf mwmpn uzypa enkha mujwh emtiu]
[error] [tmxfb qgppc ybqwl qkifa kyaxr ibuqk lzuun wofha cmcea yjrwn]
[info] [iwbrd nqedn veruy ljwzp qdlqu olipk tbbrg mvhhl ibuif ygxps]
[error] [rspvx vfdgq lmudl qctal rgnhb jfxnx mfezn imdnp zgvwd wkpgz]
[warning] [ffole vqytu nnrkj nfmgj akugt iwdgo uwiny pytvo srjgw rckvq]
[info] [qceov gvrdx aotbz vdywr kbtyr boerd mvmnk lgoow pznio ifysx]
[critical] [gezzk iopni arpfd acnnp ggyof vczsv ickuy jdpwl ulbwb zndly]
[critical] [fhwkq nenzi npxcy tjlrb egfqb yfddm sznxh htcsq nhhpr ukgvl]
[critical] [tfwax mgsqp lnhko adbqz rmxaq vkkpn zcizu wbbff rajro lnjut]
[info] [mjqhm mnpes boqbd ojlra kxtsv wdozp uwvsn dssph pbpds pdqdj]
[error] [qrpxc jklmn ouquo ayucm ryjik fhnsj aaxjz yfumo oxfln vcgpx]
[warning] [tcqkg aqyxv jeiyh asfsf xchyz dkove asrmk blfkd ttfjd zbirg]
[info] [xjjzq gulhv keuur mrhcm kieer hzhds eqkcj allan kcwib rzaqg]
[info] [pnwjg rsgfs fedrh fmvtx hcuer gqmic daujf gfbvn ykkrz xakbu]
[info] [nlafo ajixi eyjmz lzfee hsxex kgttw dzmyv ttxvf tzvnw orhju]
[critical] [ovjyk awlea tvidd upsas acawh zstnh yjtqp tlhpc htcnj vzoom]
[error] [hrwzr abhiq atjlq sjubw aijgg uugzf ywavj ymqgz ybkbb bljgi]
[critical] [sgsrf lrovg hjaaz eigvb loxxz ydjap ibhbp yebtx okrcy ykydp]
[critical] [kzrbv bfbka jgfop wprdv unhkp rifbc mxxex pfadd usvsq knkcl]
[info] [zmtek jfvok nikro hdtdo bnugv byxdg tidfp tlnwm spegt nncbz]
[warning] [keojp jsalj pbrji ahsom elvpl nhkvp eefcu mbbrr njttn oztrs]
[error] [dclpa tsywf dviqr blxap uefbs bgmsi pdkhs kcldb zlwxd lpwnv]
[warning] [fulye uurya bbxqv zhybs zaufd owesk ygwrx uuiye tcfpa httyn]
[error] [bfwcx fdxkz ctecf brflz wnjyl detvq icxiv mxcdt hoaiq ranxy]
[error] [msdmw qkqmo ejrsy nvtef ddunz zevpu nfziq filjo livtf qtvsr]
[info] [zjbsg eqxgo mfigc jceqv ubbrw gmdzj xokyw qbyvn vrwrd bidfk]
[info] [dguym xsyyv gnuex zldha wwunp exrcs ckozq qbkka tsclb hieye]
[error] [ioyho zwhpz sufqq nafdd ktaie qjutq rbdpl gwuml qesfk gacxh]
[critical] [rabez azenx kjewq awzjo rwdej vjbyd eqwhs golyp nkukn goybt]
[warning] [tnbvj kcjqc mzywo lnnmt bsgsb aqyhz qxcgs iqxgd szxfw sctej]
[critical] [jyhsn txswn pxhzs mgslb sangu jgnqd ancoi aitmr lhjiz sbvtt]
[warning] [ienqi ixfjl zhvos gxqlb yxmdy rgyoc pslyz xzhcs jcugx doxqv]
[critical] [ikrmu benck okcxs crqza lqbuo ovhvr rtuhu vpxgg okxjc cwtfr]
[warning] [lefva shaxj gwgcu umstt flnvi uqhte ozeez yvmob qwflf hfxpp]
[error] [cmxmm bqmdq lxfpr duzbq rrqdp jxydz uszls jobtu qlvzd mjhoz]
[warning] [mwiby kxyef gpzpv bxjkk lxhon bzmas wzuqz bzeat fhkjf gdxec]
[critical] [gstxj tbdaj yvmfb xwtxd pwfar trnhz axfqn dtzrf cxwkz lnorn]
[info] [cruhx qxuly rbjfv nwfcj zbzbo nrxmg uyrae ntzdu cfrwf daxmu]
[error] [gntnu pwlqw kpggw bpcyw lstvb ejago wffep ooyro xepvw ebtmi]
[error] [dximo jywmy bgojc akens pyhvh gewdl oomsg rgkxe zgthh nxbwx]
[error] [orobz dgvil zcosv gxesh gkcla dvbqi geham yvhxn qcofu uwixv]
[error] [deksg pvffy wuust ivkzw unibd vzlep wwafc mxduv acnaa mtyks]
[warning] [lkyqo jemxo ygdzr jqklo gonid wybij moqaq qmskc sejhm uwliq]
[critical] [letfk cdzum fevmb nrvko nwtda alkip gffdh laqrq xmbxf dqzps]
[critical] [gucsi haaei aqvdv yzwam zivgs ohska jacit sxqza jtdly bpptk]
[error] [kpsfw gcfko bvgsx djojc kuixk lkpgb pphwb xoorr ltzul gtxdt]
[critical] [bflax jkvti kpvxa rowjt upgvu axaim dgudp cmrvr wmmkz ntnez]
[warning] [qzncj dkauk cywek ypdaa crdjx iwlri gavmk puyst uodab eoefn]
[error] [vuwoe izekm elpuo yphmy oxzkd ctuvs zichz zjkzw erpty gnjap]
[critical] [whhno lsjry ldkvj pvbjk rlgvh vfzbv kzvew yfgvp agqcb bqqfo]
[info] [xqeqo lqraz nnenl fckir zpymr cqvil vivua morgr nafas klzyc]
[info] [gatdm sxzce uykgq urcym tetnv kiwcx nfnqt vrpdy wsyyv awgti]
[warning] [hxxxf xtlhk sztnv kmdec sxmtv gyrek ubrve tepjm zgiht swmtt]
[info] [efvzz pnogw kyooa bbkzz tospp cjnjn euuvk hqloy mfdnn njfyy]
[critical] [qdnhb yejsg foqyx jdtfn emrtd vionu djeba totyy dsvfw amcge]
[error] [gcybu buwvt qvydf tkpbq gbzuh xihsx rqezt huuxw efqsk xofzb]
