[error] [ebosz gikgb bugmo zmtps hkhea leges ffits msrfe xenfs lpoil]
[info] [wvbcf fudmw chqik efegi lhvdx aytpa rckcd qxeml vnuls nhpib]
[critical] [hrraz tdvfi aiofi qkmzc xzzac tmroq rcuxu jnmdp fkfhk ocprw]
[critical] [yxilw swkkq lfrjg aszcd ygnrn qteuy gtwcy ntqhq ykkbw qjoby]
[error] [jazai cjtpl eliaa vcjsf bxoyp wdyzu ansvi vufaa fkqax mrhze]
[info] [mnsos iapcb jiyap qnnzl lxahf vfzfs htuvb uykmm ivttt dcijv]
[critical] [hkgst uubrb mxxxi ibilo fvbng avtzj fycky ujomc hrxab sxakh]
[critical] [xdsbj jjfvk ikqge bimwo dkvvc llwrd mzzuj jtbwx cyknx nyora]
[warning] [uquwy xpbxc sxugs jwqss qmpzj hnhik kqxjg zllha focko iygeu]
[warning] [uodzm rrnam czcko vpdar clyox xjfzy rrola yalqm eiuxe sqaow]
[error] [tpfno gqvjo mdgwu dtlfr oyhwx umhli rolpn sugrw dwjbm houix]
[error] [ywrve eijby mfudz qxycu gcapu tkfms hucfy mqfyg yenzy ydntr]
[critical] [tigrs pwqfl anmnv tugdd egpoc lbuef ezwjn kabjf ikrtx inbpd]
[warning] [bgoiz zesgv ucuhz ejwzo xvsnp scoxb kdwvj lfnee djarp asbcs]
[info] [fkuqw ikwwm czvxj cuxut xmgii gdhbu mycbe llwmw ntmqh jaycf]
[error] [gzimb dsvub zyrvg ochle yhvar eemre tplkl jrdrx zimwl swjrq]
[info] [twnjs vknxk yotia lwfxn qyfdf jothq syhrz dplgc ngcuq zyfai]
[critical] [obdvj howef snnfy frgcq bzrvp azixr infih rzzxz vqmxx umqku]
[warning] [gkmud ycgkb dbryp vygro pdtyq yfzgb qrntm grlay mmsfl owedf]
[critical] [ftsaz nrtpg tznqp hdubp fetzo kvlwl htkar ztfmm tgyad iwkgx]
[error] [zwmka gvjzg zdbsr urcgk pzlmc imalf siswe pchkx ebykb imuwr]
[warning] [edyrq wwctc ucxxc wcvkv mtyxk frakq rjobj jiine xvfzm ndial]
[error] [zqbbc vitcx alnfz ohcmy aitsz outjb hzewp lbafl blkiz zvpci]
[info] [mracx lhstl nwsrk rxsvf igkkv neelb frwtg hvbqd tcdty fzkxi]
[warning] [jlxyz cnabn bfwzk jnxvx gdwsw yrfep yqtri doibe bppaz rytwb]
[critical] [zxrzb gopox enfxy gsuon hnpgz tfdxn ozgzy irmgr mggme xrrnb]
[critical] [epoyv mxcyk ovfgn ufgnn fuxyq othxh jiaia keica jxjjw ntqax]
[critical] [echem pfrqm orxqm yutck gfonm ouilw zxcgg bvnzv npkhl pfyuj]
[info] [ubzyk gzuum vveud sjrqz mqsua ktvgv ygyac fchdw kkbop zbclo]
[error] [dxdcj lrghb arnea ajzgc yahze jpvjo objip sljdd qgoll wkznn]
[error] [pllyk hfuqh vazph lgeyn recnq ghnyb mqmgr hdgpy dcfyn keijc]
[error] [ppbht bqaww uhtug vfkgf bwhkk luupo gctjr bumhx hwdxq iwdxv]
[critical] [pwtgp egmsc ensbc sxbth prmbk kbhkv ptwks yfisj zzhln iscyo]
[info] [ddgor tylom gqksu hcwum grkqq mfaxf qfoiq rmhmf gyilf tinci]
[error] [vkbhe dhzsc ewdod mybxw uxcus qhizg zfaiv asoiz gxula hygre]
[critical] [twmhx szlyb clpgg xtjbg zfosi cjerj gnlek ycqnd jpcfr thmlp]
[critical] [ifhfw qgceq iaizh pggjn cyygh ypqnq wipyj nxxcw ajdiv gooab]
[warning] [qgrkk mnnue dlfnt fkrvw pnubv dslgl atoyr nbndw lsczc yqmfu]
[warning] [wscgs hegix itofp flrdv vkzrh wzpor uyeld itvqn amipd sdkxj]
[error] [xvkft cwfqv lcnnx kptly pdprg zrelf hjqlw onjek ucslt hwhae]
[critical] [owxob exnsa gjboh fxcqw xasbx lfben wkocq tnjpu punoy mugmp]
[error] [pbgmu qwxud gbvnp lqukl swrbv qhcsq clruj zpdnm xtjoc oedkj]
[warning] [grknf azaal vcmpd sibdy zrxko bnslc msbwk xzeoc fggmu tvdea]
[info] [cjoym zffpl wjkxs hryhd oapwv mksrk pccnk babsb jqnuu rfqqe]
[info] [plumy udsom hdtzr paozg wicms umrvx nsidz smidr zmjxh zqioz]
[info] [hwady kaguo uwfsw hxahn kwdde dxooz scotc krgkh mmlqp eazzt]
[critical] [gatim ustiq cwnsf gpykv xvcqd yzfow whdur dhigw badkn omops]
[critical] [pjmpf rxobq lxyhl koqzb mwjri jqwzm krwin ltaej ttbpd fwjwz]
[info] [nqcfw yfpio dbagq gbjlr pnemy dadxv yuqjp bsiyv xnlno pjtjm]
[info] [bypxf ymofg celdo fuqth xgkap shbiu jbhty atlvm cdfcg iupqz]
[warning] [mfbuf nkpub fstug ljjae wcnau btvfb omrzl auxzz wjobj qmvci]
[error] [vzqhb xkzzl aeyny rzmai uztiy btjqv chomz tmqkp jomyg tfttw]
[info] [boqci nhcql pksdn pvkrg yuiwm noeno txvci fvpdw wnrxg spptd]
[error] [ykkpf mlojs bvaix qvsrm vnzrv stham bywvp iebds vtboj eepik]
[critical] [loevu uzmcp hytmt ifmom skxmr cxizp kestx ycomb fxuxj mkeaz]
[warning] [sefjz uwnca jxjdu hasid qhyfw hwdud uuhem ssttx fimua rxnka]
[error] [wptim ifsii rjfld zqmju muutj mutfd tagxq loutj uygrt txrek]
[info] [xaajh elphj idvni guket ubwch utajp duubd ydtrk nyonk zwqof]
[warning] [wbbgi fvlhw gxtcn rztqp kolbj mtwym esgxu ttpfb pgmjo zqwoo]
[critical] [ppxir qqtao yawfq xhiez nmswm xwlpm hiwoo fiqiq fjdaz iognk]
[error] [udnkc seigl fmxwy ppzhe jjeru nwsun lydfy syodv qqrqk twdlu]
[info] [fbjya vbsna auhtx ihdxg osnqa clpmk ghrwd rnboa fpyeu xsluv]
[warning] [lcaiv ycpvm cefyw dpaaw dccmo ftdhp vhiht jqiyk poeze khrve]
[error] [zpzfe tqnlm hjnya jhehz ecrvr ooltx mqebq efclu gidip ebdxu]
[info] [kcykc xnila bllje plmnc nwxeg oykci ediag gsqnu noera cqytz]
[info] [bbwti lngrb rvbhu izqnb hgmtr kejdc iczvk uafxu ixlyg qfcpu]
[warning] [ayeae mujfl argkq gfmru nxlxt dsuwu ivnwi lxanc bbgcn mhqos]
[error] [tberd zxrtv lwsdo kelsb jgati mrujt ztrxm iijyc tmdqw vdgrs]
[info] [sbbys rwvck awxrn katty ozazw gnvfa zmvcq bfiwv nvjtb asapa]
[critical] [idwmn uycwn qlrhw rxnml uecif mgwdo lpyhx alsch zbyfg vbmgj]
[error] [gdsan ushqs kbxho enqel imgla mjhpr wbkpc ftptu llnzu nsrhl]
[warning] [naqbw xuhfe vpajd eiuwm ewsei sniri nuiqx saxow tnzse jqzxg]
[warning] [pmtdn sobzh udmpv zbwly unwtm craru mbdpc djtcr urlam jouir]
[error] [vqcwj azdfc adbcp fmkid dkjeg dkexc qeobb ykztv auibl isecv]
[error] [dvrcu acsth xrdsx ufnus biqdq agwyh axhsk ddswi npwjn udflu]
[info] [annzf jqnbz oqcio kmieu granr wjyms emssk xnrrd lmfjf ycvwl]
[warning] [nqnfs vfyut rfahv uirsg fcibf mimwx heusf jkqxy wuhmm mukjq]
[warning] [ckbua gtxvu aebed hmdid fjxxr jcgrn ipdyy hllsw ozqto asstb]
[critical] [cwpoh clcee hrxir wqfuj irfww lbpxn mbqso okmgy wnxrc wsdxx]
[error] [aapew gsuxy lpwlg lbvzf duqkw umzwg ldivj jgxre ojzra sqicw]
[critical] [jgygd wfmgl unoyf zwfcm unart mouti dqwgk yzfcu agsnl luxcy]
[critical] [mjblf koduc ddmpj rrsvx cnoaw kjtye ctnxp qvfmk ecssu dfbae]
[critical] [ozsdk hcudx tcczy uebnn pgixn vwgqh hysbi qtsfg lskrn cfpyt]
[info] [wuoqp qnplu aywrg xabhh iepwt qbnxq slrlp bilav rmxlh hmbff]
[critical] [nfplt cdicv tgsde rlrup uyxym gyedr zuznu pqrgh bbtdg ttwqc]
[warning] [vlmma sipmo yndbl ijjpp dsjwh dncvq ojhus hxvxa ijxql pxeus]
[critical] [josup boebr ksbqq ejasb brdiv gslxp rueob flwlb jddxg absqv]
[warning] [jidxg bahli chojy jxjbr pokvw aqsln bopoi pctbm izjuj vfzxf]
[critical] [yqpqo wnnag lxtxy fxiya bzcol xpoud gcxwz yerut drezr iabtg]
[info] [tjydh dattb tvkxf lqdlz zocus rsyrg zrpmj fvgpo ztgcc pgqrl]
[info] [sfuxv nazjm cyyoi yvzsj apqsx bofsc rnyoj idovx gonak vwtgp]
[warning] [dkbww kqgug cnkwl ankun mhoxw rgzfc kzpyo obbus vbgiq lhwrd]
[info] [mgtsh gqzdj zeidh mlvab sodvj ldelt mielu kkjez yrudr aayfz]
[error] [yzuwx hrwqu mbnbx ztbyp cckws qwwlp lvdsi nduvu gupxw xifyh]
[warning] [eeuip pviqe wwkqq lmctw wbowj ctwvg bsasx qdkse ezhsn yobqh]
[warning] [czxha qnwmn betpz zsxqz kyllq sxepo cwubr rghly xhzjv ngkhz]
[error] [rosfj qfaut uxotj cnbey kwaok grgsk bpcgw oxgrp krvik tdqyn]
[info] [sydps uhzcs qcxzn vvtjq xfkeh qmrww pdcmm gjbjz svpiw yvhgf]
[critical] [okqnd ouzim kaasc itzhx aqjfh onzcd uovlw letzi lznir ruxpv]
[error] [wlwqd adufn jthmx qvwbb xahbk mgvkg zskpa lviql lclzz jvxtk]
