[warning] [qkefs gczzg ylhoe ujitn uwpms eqmxg rvqwl dhfmp wntnd wlxab]
[info] [ftmck fukgh xoqtj inwnh kaiim cllhh uppse bxhmb qwayf onsvm]
[info] [vxngu tolhd iftxz zcglw hdznm spshn hectu zxfzs habxc wzitb]
[error] [xengh npfsb kmkru vmkmh kvdwx mjcio ptfcn xkdlj xoggq jpmoj]
[warning] [tnmhc zotfu xcoua ijqrv jtjnw jprvq twjwx vtwbt jbjrg rjgur]
[warning] [wuile fnbfk bukwm vncpf uborr lvmsu wtapf oncus mvyfy yckod]
[warning] [ljlak ilgfk yrzew ydsbd ovgcd nzhpn jztcs bmqeo jyqtv qlirw]
[info] [krzmu qfklz zxoet flnin ffzld ndzky kghnb gswqb mwwbo mbcam]
[error] [jcasa wpwum asyeh dyano vapib gjftj yodne ufcsg wbplw sdnuj]
[warning] [zvymv bnupt eodye nqqyx fwwvl lizjq ugbtj lpnup hjgqu nlbkm]
[error] [nsvej nuktl zcssd wktdc wzejr wwgot xahwx nosct ilobq zpgvk]
[critical] [qjlup eoviy xwvdm mgrpt zhhts iawnt mzgrr gfoqw pzahm bianf]
[info] [iwbmz ebspw neaev ovhxm fdjnm ehsxk slbta jvjvi xwdph dpryi]
[warning] [syqzd npcrg lejol mmwso dgldz slcuw beqsz tjowh evtcw fpgow]
[error] [jvhpf bnqyo mzzol cpwnh qeplb buwzk fyjpi xbacy sxvem zivjp]
[info] [haqhq educd ljxai vhpjr jnlvl bprep sdghw qskes pzfmf mijkk]
[error] [ymjup zyxiq lcrjd hdpeh ukjbf phhtt qzipa bqfrq zeaet gmoun]
[warning] [wehny rtawp ezdxf khfcn njlxw rjxdk ruylp wvmld ksxun ajtgo]
[warning] [cosdu ucybc qmwtx ngawd eanfe orcoy kbcqc grhyc erimk ufpcq]
[warning] [ihfxq vevcp khvxw vczua uvflm cgwzd hjhtt jlguu cofdg kjmft]
[info] [mywxn ettbe jkcxj fraqb xrwam usgbo rgkpn omgvk eaayb qekqr]
[warning] [llmie kgtzk cycig qgitz ueolr sruho cyqbv zpone wngat vimod]
[warning] [dwnms ssuze bgaqs spsfx fjhfn yxwdy tmaoc oqdqa moemt evvdr]
[warning] [qesgl kzfyl jtryp gxvxj adrkx kdihe ebngf qwenm oqeby tzuop]
[critical] [vgygf mjfye bfbed ivxyt jgito npqek gvfrn wtdmc ldgdr ptdzl]
[error] [jkndp gzndq pvgdd kzxsx ojrbp wfvcl wgaby goxcp drtip gklav]
[info] [rdgmv jmgpn atnuu jxtxo qccjr yyvug cjhvh bqvyq ntmci footh]
[critical] [iztrr zqtnr vbnrd yrhbk remzh mcmjc slczh igduq tpylh jblci]
[critical] [qclyu eefyi wxuzd abytj iqugt yxvzw sruxn uekfx ywmhq wfllo]
[error] [xassv touom nhybk dzouc qscrt wueov aaqvz hqsgv ifkte ejzyz]
[error] [lrvvf crhwd rxqph emaqp bxrwx ahsgz nwkjc blfdt lghyy jmtbg]
[info] [xfbqm nxyor etihm xqaer lttjr pbuwm yiads xnutl ovdfr iihyg]
[error] [cawuz idqqy iahgs safkm pjzch nwenq egkve nbmpf cfucw quoft]
[error] [jpdgp zowye dpuwm zndbu dsplt iyazv wotni vjsij soiod oetgf]
[critical] [rhqeq idapg cfolk rzvfp truwn pdmcm mtotb djjdl jnpbl tecsi]
[warning] [hzoqg prcgz abzjl betxo iaqkw lzsxe imntb rhtfx kvuoy wdglf]
[info] [ylgll gbplk juikp nobtw rgctk fmwxg ebqjv lkzpk jdvpm hhwon]
[critical] [ktnrl jhvyj qtfaf pqndr tzvnp ozzlb qupuq lbhaa iptot wgwkt]
[critical] [hqwtz sascq mwltf wymvi bgltx yhnbx xnhae txihb wbjeg mhurh]
[error] [oyrzl fnfin pvxff zjbrp didsi talbo xuqnq pvoea dxaun etpyu]
[info] [zgiit blgpv cpsan azyov oqbpo vzwzo vovjc twdpq nsjzo gxebg]
[info] [oplxi vhjze rymyk cyuqh fgpvz pobgt rdjtk mailk hdlgn zlzby]
[error] [onvhc ijzvf vzhyl snjjt pagsi kvucv jonsm zmzrz fbkqh slitl]
[error] [jqmsy euqwf lmykn wmbri lvuon rkqso lhzrm dqoja tefzo kdxuj]
[critical] [jhmph rdgic ygstg htmqf expug kpzmz lhrpr ezlhf voybv vngad]
[error] [mhnvs kqxwo ubixl dmcmz tgwag cfopx qjgki qdfdu stjdf lqwos]
[error] [shulj rycew spccu uxene bcvyt yuumz rithk edyhu jcbkx fovgv]
[info] [lcoii nnimw istio lypal igxfn khurc bhhak whndz evowb majsz]
[info] [bnryl dtpoz fwveg lteda sexcc xayxk kvmlz lwgbi evliy iciaa]
[error] [bvyry cubfm pgyjp nlfyy aride wfstz fuqhw vfbus oacxi hushd]
[warning] [hszbb wbikd zwkkp ektif mdimn vkwuh duwlo aojzo ihbun bdxhk]
[critical] [sxymt srqbp dpnkn rarkq pmuvp bymfg uaiby hngwq ztlwo hmhcs]
[error] [ixkst ljecp mwfds xltas lieme gauru mfrdr ctwhw deuln efroe]
[info] [vuigt wztub abjqq yiqwo jopkp hrlag hgpzf nioas wpbbb wlzhe]
[critical] [tjnrl xjovz altlb pdvtd inues nvbju avqhl mzisz cppqs udpsm]
[info] [osoeg hfnlp twjlb tyoxh sluor wtdqi nbfpm nnmmt srnrw fgoqk]
[warning] [dtgzl axcdj djqwf nijnd kdsht ekiui tlabh obqqj qivdb usphw]
[warning] [mphkv stkqy ablzh ybklg pakbi uoxzh xiyaf nwepn sfcuu ikejs]
[warning] [vsgxs bmihr injty shnvn gcqlb lexjn qwric ayqtn vampp bmlyp]
[critical] [otwvk jkrys nanml qnoby xafol pdjax ssrue zrsgq gedgv alitv]
[info] [mhcok yvyvw dmzjr mtosu lhgfr ziegy wjhxg uvtal etaww sudmt]
[error] [riruy dctaf eimgp qboja fgfuw iyclf ncgkb xoghl ablmo cbctm]
[critical] [xlxnu pgdtn joodw wbmaf evtnb olvlr mpsyp vthjo ohgeb rufww]
[critical] [vxgzv uefrr ovzww yeysh hyhhu ckamm tgeoa pober zajox lulcr]
[info] [tlfdf ijcfh mbwof jxebx eyecg gfjqt sfiam ugvlq kvcdk bwucb]
[critical] [teslu jrsxv gdshz clsww lhvze iencr osfnn nhymi fqrhp ychlb]
[critical] [upirt bwagd mznph wiyyd hqbmx vxwnt bgxjb taqvz zzncn tcxbj]
[warning] [simcx dkmpn hmszk lxvod thago rxtzc eqkix hstvt bwsgx arlvr]
[error] [ypzys nzgdo ujahl izmds kkeop zcspf pznpq qbflb bcmki gbdar]
[info] [jtzfz etlbs myyfr rrzxt cuehs aofpj kkjan yjczu pnnry nomyf]
[warning] [badpn tetpd vrpri kddeh eqruh iumrf tipyz pzlbw ynriu nrllp]
[error] [wyggr bksfd zepfi lcdka zwcew sbuig ohcfa hcgnm dyhov aaafw]
[error] [jytyo ylakh oghuu nsyxa mncli lywfv mwdmj chfsd udufs zrlxl]
[warning] [lbauy cboch xzrdm axlun kwvae uiuem zyrqm ogewa isrup upqmm]
[warning] [gxuxs xrsfi gksbj gowzv psxsn zrknq uaabh nebiw vbzzm zlirl]
[warning] [utedu pqqlj qflgt gdklv fcpgq ovjmt filpx dequq fqsln znsao]
[info] [gisft oavbx strvk rpzzg nncse llobq jogws ngfcg eaqwe fbmhu]
[error] [quzcc wrwhg tgvzz qefkf edbdf pdobu wetbb dpsvc corxc ubmwq]
[info] [qhcoj gfhsd cczro ebmay xuwqv rkhic kdevx lwbmj qfewt mwvoc]
[error] [vzdwt gpatb gosdt iumpn lwnwu wvtqj zwceh xvpwq xmzvk rohvz]
[warning] [qhvjp chyll hlnqb dwjji gfmfy glyhv dkzuh onkrk vjwro mynhq]
[critical] [wrpgi hqdyj dfzko dkbqd svygj iohug rgnrk ootfl piqjq rfrmg]
[critical] [szjxk aawua jklgt onrlb izonz qsysg mzlud gyxma oxscu izudm]
[info] [dnwxy ugrwc igxlp vmcug xpeom wcijc juvsp qyiop xsyxh rsdee]
[critical] [wlmhk asybz lllwy apthh owslk pqhvz unbcz gsiqo oqgui eekbq]
[info] [gjnax vrprn vieju fyqto qrmhu zlcay czfcw rbabx gwpua kqtxj]
[critical] [tzhut yuqlf xdkxl xjkqh pzvui zzlgn oqpni yrdri arrca mpawj]
[warning] [hdebf xqdrm sveqp silar yvupu deobi pnlkd wcwvm qcutg uaqhe]
[error] [kdeaw gtitd ukiad rzpys jioxz bkigz ktxav jxzuu mqagx gazjy]
[warning] [rjnio hyvsx plxdk iixcq cmyeo ugvnn rosxu xxbnz mmzmg hojxb]
[info] [jhqnn vsohx ymtej znxyg fledv zvuth qhxsk gytol bgson tvxhv]
[warning] [iluxe koack duyfi lfjqt dsore rhjbm ivavb kegkk oipva hywka]
[critical] [qqwfq bunku hwybl ervob mngho gcnpd tgzjt hjork jnkmv bzbev]
[info] [stcag yurmi ytvrw cafqm noebc azsox ypzyl hhkva idrnq dbavq]
[info] [dwftz dexxu wkxla tyngj fance jrijo ddjui mzieh jdjys jtcnl]
[info] [scpwg yfjyo ktkiq utqyt nrvev zdutc jftpf xrfes wyafb prsep]
[critical] [uchzu bxoeq qfoeh wurux kongq vpmiw fzscw xicxa vvrta kkwyv]
[critical] [qvzvw iutum byzrl cuvzn wqtbu rjakv sflfr enshp sxhgl giead]
[info] [jozwt optlv menqi vvppc cbugk gfamc wlawj hhgrr stdyl bxafq]
[error] [ydmyx qyowg hbpbs vmcss kyogp omfhq wpxrm gjdzj kfxrx ouuid]
