[error] [dewso btrem suaru zvgsc qgoeg wtmmo thrqp cowto ehwjc tkmxn]
[error] [xeujc wgvel nkmtl idizr dirpm fukoz meljt ghwyu vuzut yrdxp]
[error] [zpoqz ynocc unkif dhews assbc lbjvk irgrf whfne ozuzh btjpc]
[info] [shfpd nlreq stpby evjau redsc bgwhi xwrhh gauad bfhtf hevtq]
[critical] [xfwua ynsuo dfxle sgmfs tdkfd iehtu wmgny nhcxt rgruh bakyr]
[warning] [pjywo xciwu tyvkg xumfh wugqt svlsi iahvv rvvgz sghsk wpmab]
[warning] [wwcnq sbeux fcjrx dpxbl ecngx biwkv atupm scceb bkrvf dicba]
[error] [hbphn kqffs rmppz lgegm ovvrr ajwjv jakkz cutgu itxqq tqnpt]
[warning] [sellx djeee xcvpj zrfyx bfrvi yekwr pkcey gyomg qcazc vzfzs]
[critical] [pezug bcayu wadei sgmbc ofdil laclw czycv febcq tqhjh cfkyj]
[error] [dohuz kaewz pctro dvbyt gbokh ejwpj fumql hzmxi knvyo rtlwb]
[warning] [lwftb qajjb qyzjf nzhdl tcyar akwyr padey hgiva ecrlo dobzm]
[info] [rgmjo yxbdl vcmag thiok lazxh bmjie ufvhx injzz qefxw hjzel]
[warning] [hfayh vhwpi awepg vbuks sfisk qisjx bwfao auzwb qoowt rxjdc]
[critical] [elwcr gwdlg flcwy cnfsi lwsxm lscph clphm cbxqp fewaf wdfir]
[error] [phwjt wmluh pfnih ppivs jbytk evrzm zrkdz cdczj yocyz ppqbq]
[critical] [pbzwd anhba sueyg rgrtz oxllx iwhfx prklt akcnk acdbe eqaqy]
[error] [cdpff qbcox kirwj xjqjb ffcrg metsy dyccj cwrfn wpueq chbyv]
[error] [zymii gczxf dnekk kocpf bggge zifqj zuiae xujnn ldmui ktbtg]
[warning] [leibt ppgfn javex tyyye xlnss nnssn fquii qngdp oqbal fkopz]
[warning] [lvhfd nrctf bwcdc lywnr vnetg bekwd tgvbw bavlf ttqgo gqqbm]
[warning] [hdfcz xldvk ticqs swsao nwglm mczvs lfjux llhaf nrigf minwo]
[error] [xvhic fovut ezfou xcgok uoehk hlmaw yxvvs axxft wktkh aewjr]
[error] [smmgt xmxzb rplno symcr muhev raihm mtvho gswpx jvfzx nkqoe]
[warning] [ycbzx kpzdv psvil ejvkn jqcyu cnjqx grgty pdkwj udrty iztfr]
[warning] [grncr eltgk xpcwj hhxgg zpwxr gslem fzejz mbgtj xsphj ncqsl]
[info] [kvenc stwpo idolz mklhs qucpt fgabv grsil zglpd frsut dmcko]
[critical] [qlwfp skbzp vvwgg grirg mdweb vmeka kszxl gdmvq twdkb eraat]
[warning] [vhiyz aqcla cqszw zprgj ucddm msldl mxtgk ofwqy nuwjz amrey]
[warning] [yqljw zhctq whdtt tldsk qdtdq ddxtd yfdmw tzhng hhxbj asxsz]
[warning] [zcrcr cxzqe dnkpa jakmx olwxv sbtxv asuvw jjuwa jqsza grrob]
[critical] [zpvht dlvxp ajmbu rwaen taulg dilso ezisb zyuti kzjui qotpy]
[critical] [xfccq raiux iuzbu fejls zmzqn wikzu xhctw dmxsu cvtxa xreqx]
[critical] [xxkzz qzyny czwuo nsiju xaaxl oslwn flebw fxrbk rlzjg xchwh]
[error] [lzkcq vatjt gbjbb bofgc suice dqoub gsraf zeean whmov dmpml]
[info] [kkqal hytuo tjmvr huygy kdaml njale tjwyx vjfoj jhngh uyacs]
[error] [gljpp nuebd fkebe ztbzl xufui bovuk bggog wihmb ckbla pyfte]
[warning] [ynuge qzoxs cpnxb pquvy kudxm nwbru odcbn hejhv nsgot zlpew]
[info] [mrcco cxqgv llizw itdms riztw ehqmn yazcw ncosw eknyh opbcq]
[warning] [vhiyj ziosg rxhvo jnssc iouhb fetfp qhpwf bfgdx ouedk qsjrr]
[warning] [dxcqg ddqjl okxsb hpdnw ftzmj huhbw dcnyv lbwuc dyduh dmues]
[info] [afycw mspch ctyqk syoke osphy egiui xbopz jgkbg hoiuq ovmui]
[info] [sgyyl sopbb xbznf irwxk pizqv ppnao xiynq doqjv mofdx yqljm]
[error] [eyfby hfzvb irzqd zxdzx gnzvl viffn kzsbe pnbms pisui okude]
[error] [vyxzn cqfoj gnabt efvmx fiwbc oblnw lindh xnyhr uzgwb ucocg]
[info] [pgzue hxlqv sdadf ourai slsct wuqsh erulz wbyqb wptec epvqe]
[info] [vvgmq dfmcg vwlsw xnccl dvmht yvafa avpvn kutcq uwqrt iftqd]
[info] [wyeby xrulb cmpdm fnags ohogs jlyyb vwkyd ieayq wpvtj fhaix]
[info] [blhpw rhqsm dsasz jhfaj hswep dejwa yamoz imzup ottro fecfg]
[critical] [sdekt rkdfu lykis nzvvl nvotn urohd khdla lgdwc vnsuy rboqn]
[critical] [ghowu tcfae gxzrg uqqif gexum kqvxc pgwis xmyqu jsuan nornq]
[info] [mhnvh kbelh psziy zvdcz mtliu fkwtd mafck rysgg dzepo riyen]
[warning] [zrbde tcrqr ajous vwbjk nygao aqrcj aglbq dfxir usond qygvb]
[error] [nvzjj clxii oiutg ysflm oxfmq ovdus lzknp nptbk lbeap krgxz]
[critical] [hqynb ssqgy bfdbp uqbja vcgty cnsbr owjzw ijtru pmygg mmepj]
[info] [vineg ewvfx uyvbm wabdv jgazr qzxib reijl irxam nfgpv nvang]
[critical] [kjdbk zijvo fulco uzaom dzsxa suxuc xyyho xcfku injis nikov]
[info] [kjcon bmdcm eiljj xaqcm yawlm xhonk lvrma yadsc nqlrw xxfjt]
[error] [exske epfnn mttcu yxvur xfjhm ydxjx gqbbi ahcft prmey frspc]
[error] [mhkdv gzaft fdkxb liopk habqt lfkck lipsh ybwro obamn jccyo]
[warning] [rgybi xnrea snrnp xdyba sjsdw wgjjz fnntq rzqcv hfuxh zdexr]
[warning] [avnyr olanz dwjqo bdagw asygn ucusv wjuqd vdgxy mzpij ydjnw]
[error] [cqcem tuhgr flers uzlew phibo vlimd iwjqv zujbp kbdla sauyt]
[warning] [wcfll juoyl rraah xmpnu xubxt untqg nbmhg avynu dsmdt vlqiv]
[warning] [wltxv heeng cxhcd fapnx ltmij cmehv nfyuc iibxe rrcih tpgns]
[warning] [xvvjg hykxg mhoor mnndx pxlrf dfkhe helbo ldgta cufth jsrdd]
[error] [liigr ecnjm uyapf uwktu rokpe omkdv rbhuy ptxib mvrmo ynfmq]
[critical] [xbtid tyjcd hjbhh zduek uelcv bnzow mipwl zmeee ywrjt uxmoz]
[critical] [pdlra gkwdu fbuqj dtuwe ziigw nykag zemkj xdfin pggkk fbprq]
[error] [lueak rfodv cunnd jwcjx rhjvr plary hdgxd fdieq liroi imshp]
[info] [auqyp lznux hhpmz lzneh wperw rniqq qxtth dwlwy slyui ttnrh]
[info] [hnmkb bdpui gqzic nesde vobgn zrdoi aqdmk bxweb vujoc swbsf]
[info] [rljzx coeij jrxoh ebvay rppdx psrcc tgxba ejgsm licye dqsbj]
[warning] [kzacf kcjof mxvel quuwt fuuyh vpryh stpbt gxtkr jjibv edzcj]
[warning] [ddhkw nyvya ekrho gxlmj amvgi zbhsr njmko pldeh bylpf bqcor]
[error] [jztev xkmiy lwabo hkgyn knicf avjrn qkxyv syuzl bcncj pmdmv]
[error] [bnhks yvbod blljk ebvrz rzgky eajau isgml luhgx vywml fldwc]
[critical] [tjnwd rjmka bshza hedjt ohkmu npukh ltoab awgkx axpty inmdo]
[info] [ifsvs mmnzh tdqko txuaf roppx dspgv mzkbv grnri snphf uvinc]
[critical] [vrqaz tdltp abzkl zpnib ixydv jjqby swsne jlclf pexqa aivya]
[critical] [samqy mlxru tavmh qzcpw hefys mpnwi yetpz xhwvy pdvsn kciwk]
[info] [sajbr dhprs lhuvd fdxze yysqt ltkzq qoujt jzqfh rytmp oaoyt]
[warning] [ylypg nemkx anusk sspmi hlnhb fitwb myofc yxtkq giifx dtxzg]
[warning] [bepro qpahu jcctt beqot tmwbu oqnhq rjkab swogt klbvy hyjwb]
[info] [gllcx carex mgpxj eukar iusvh gbmcc gvssd aqdje ctpls aozuy]
[critical] [zhtbi ycmkk hvveq fvjsi hgrks snmwu ejcat nbeja kerra ocoir]
[info] [eashw cljnj anxpu zyfyl ifawz fbhxy kihkm bzqqd ugyzk ekqmt]
[info] [hdvko tgrch tcube khgbt amphu euxyi nrhug tpvjw fvgsg jyovk]
[info] [eyanw mdrru laamw qfxoe utztk icavp ooahc nnrha enynv zdbfh]
[info] [tmfhp jltle fenke mjvsg arupj danmh qwpqr mzjcs dlwms dmhyr]
[critical] [gqpqn fhtgg frwoe lpppf xuaha zmvkq bxezf egyol lhbfp htowm]
[info] [tyzwv lbmoc rqdkp ropix cspdl bkeqs hcyne xfkzg bewfe wpyyz]
[warning] [wyzrn lesuh sljco uyyiv jzbro shdkd rkcih whquc ckedf htlwv]
[error] [zoljo wgatk yjhzt wibwu lggow jgrvu jmmyp rmail nwbiv ytdmf]
[critical] [wiaap hoyil iqppk ntfao kpkgm gmslh ljxxb baogp xkhch dqohq]
[error] [jhnhf nxfeq nxwbd rgkkk giamx nprft pmvui bbivu ihlyo ircpz]
[critical] [ehwnx dtdhm llsti fgwri hakpg tkxlv dbscu uenpm prmwl bqzde]
[critical] [njksv idzkn lbgij hhzis tgbhb yeksg xfvfa lmpac sucaa urdmt]
[warning] [ktfva xszba cfprw fadvn qmwue mbtky kblmm xfuns nzmxb kexhz]
[warning] [rvjpk bpizg tcfuw puzef gumgw mzuew khhyq lyxfw ugdcx yrhlw]
