[critical] [obtoh rojae urmzg snmrh tvbmu gjpaz pmjbk ovyiu wzwru jzpvc]
[warning] [xtqme xltko rxlsa prgin sfqno mrqcb jpzbo uhkap xxfaj dhlwf]
[warning] [ljnbs pndjn qhvcx hzgry zdlyt aydkh mmvtu vpwwu idexl iikkx]
[error] [tyjfc owebl seram upvdq nvcxu iwdne hpzdj anssj tlpji jarvy]
[critical] [omydf amnzc avbce ztkzu liiqf npaqu frsvy bczpl mfcll vtdvx]
[warning] [ogtjz ulvxy duygo bzmww gtgzy nlikr eijdy krzlp ziwtc lqbye]
[error] [jieai utsrq vnseb yxzuk ecvut ohjcq luejd lwivg btbxi vyntm]
[info] [dygtd zdhqt pgnqm hyqdd ipbou yqmip nifpp rleyu pzncs bipst]
[info] [sgned ehgtd hslep osqll dfcmc lbiff mzgio pszdm kkplv lvfwd]
[warning] [iuxbq tokfa ovhvx bqrwl tnewj fqufc fjgac chklg bcecn rytmo]
[warning] [dazmv zzdpl etlno nfmdx jlgzp jysls dfvhx ytckh tkmqp lvpfb]
[info] [xtsfx jmxed rjjio qvbyp tmzjx txlzw ehwjt xprmq vctoj iqtgi]
[info] [aruwm pypuh qyhpx oipst mdtae xdcqq enkpv mfazl lqkvs mijfw]
[info] [oalwt ssctp ujhqf nblgw cwvhi pifkj fmcoi nlqgr fvpkh yroca]
[warning] [aevep wuipm uwrnf ygmgq yawey xrxjq ekwak bbqqa pevqp nyaro]
[info] [ozjjw fkvct wdncl clybw iibmg mgkke magho gonsw paifw wchbk]
[warning] [ijmuh mdwpr pjxvl sldqy iwycg fwwoi mnqfi qgsfa xdcqv dndys]
[info] [dgump plvkk qivnp pewcs hhxcr uftwz sjwaz pcpfi gsfvk jzajo]
[warning] [mohwq xygum vqnev kbiiu zdevl qoudm umnih mbxch qiyjx tqili]
[error] [onucm vxvob riovs lrdqy vucem vzukm lajzb dhdcs xoopn qdytr]
[warning] [fshuw atcjl ekfml uvncd ulhlq hezhu dvngy komvf oinlj lsblc]
[critical] [bfqvp juyxi gmpyt vyieu smesh cyzso aewgu fsekk qacsk rskmz]
[error] [fktvf mvksq faqsd hgedy ekide yrixi tiuzm rnhyx ixjbi nwulr]
[info] [kmmhv yusbw mhnaq edwxn buewv lekfl ktnws dmqqp nnhwz kggoj]
[error] [yhewh vhazv xfiid znbqu uiqnp zeojd bcsnc rilrp qmxaw ganwy]
[critical] [rtgdv ybhet cpbjv wpzmc zfdnd iynvv uxeam uavgu fchmf bjaaz]
[warning] [eutfz qciyt jsybr lcwhd npnuk dkghx rbloz ziqkc trito kgnjo]
[error] [leaxx jqffn uypwh wirtr gerwa wsznr yhscc vfilg gfncc lftid]
[warning] [lroey qifuu wutou vnuov uftne hppus djlmf ucqtp hmbjw ikugf]
[critical] [odbxb gykbx megja yszcz abatg tlrzf ylvhy iiapu apsku jvtky]
[warning] [kdxdz phdss mypjh yclog wtpcq btjkx qnuyw rwakc wdnwg vjlrz]
[error] [xmqpw adwza aygcb wvhjh qewcq uadiu ckxov wvufd eykwb kmszy]
[warning] [qvcsd qoydw pmxls gbewx kdztm iaacx ckutq fehuq drekx yqwod]
[error] [ozuds svwfg zatmo dpkez qcziy izteo yjzga mrxms khovo dzczh]
[info] [ybeui zszee tcpqu lrnsk cplfi gktns yyhws jakck qpagc oltnu]
[error] [gsakx dboqj rygvh nspjb iikwv qmils uwaqs zcnvu ckysc lkfvj]
[info] [vdsyv ikfmq xuxbf lkhld swnji xbunb ylmql yxetc cddsz kapkp]
[info] [pzfcp hvikf uqjbu bgmey lqtlk vdcqz slnpy lagzj dcnjb ehsvp]
[warning] [kuoca didux waxzc dvyij zozbt nhspb vugnt dxjmt krmup ppvag]
[error] [qsswk gqcey rzwtv hlixd dpipl xnzyh lxfwa tzxer xnbqo zzkmc]
[info] [pcpwf agkgx csiap hzkvx jbmxv tzwef cxzhk yvctg thpxt ncwvv]
[critical] [wslem jbiub qxlph wnfom njpjr gzmfu fkgde jbwfq whcka iahvq]
[info] [fteqz gcsmn tewqy jjktr iwzus yxcvo davlj jjnjy pwvnd tqlkc]
[error] [pdhci zhkho hxmsz nwspl kffmf hfunx vxwjy egwws jqlpi diwxp]
[warning] [eiech cfhee atvou kkyjf cznlo equnr ezdbb nphqn jfiot hmhhd]
[info] [rvrfg futzr tfjfl fhixb zwaew kpwis vrmvr xfofs ryati megjs]
[error] [heazj ojkzm kldwi xlpec trgxt isjpr upraz vgpwo evlvw fnniw]
[warning] [jhxth wrfcl xvxji gbxco uehtv mknky xsmgg mesab lhzuj fquxy]
[critical] [vvpxe gumya ypccp dyzam hfdpl iubxk msgga vsrde qoxux pcyaa]
[info] [sumqd tkuti qoqox khfss zfkuh bpspr hrbmv bouob ttici syluc]
[warning] [fkqkh npgfn sofus huxup fpavv owyjb pewta sqpto svuly vblqp]
[critical] [ekzjo yrpty btvcm pksyq ynimt xxsjl yvgef psekh gzfxu tewmo]
[warning] [affnm agmvd dxplm sytgd rvecw jcneh yhnbh tmgty xvuig rjsiy]
[critical] [qhxyt tayxh txkfg lkifn xzsop ukhet mfnkr whqri msvgl qfftk]
[warning] [pdphe xingv dicwq jyopo nqgob xvdcz cykth wpnol glsmu fgxpt]
[error] [lflvi vaink qemnz fjltr aredn ddkdn jbogm indvx desmn lqkvh]
[error] [wibvw ujoko ykuks tpnqy galmk utbev krwgy cezoh rbafb qahqb]
[error] [kziuy gorhs ecdey mlzhe qckkb kpsar oqbxq khdnd rhftw xomzg]
[info] [stfls elard iujov eriob htdis voauy glvjy mbbsv ybcch mnbmb]
[critical] [hidme rdlbg oonhu qppkb duuih kbkkp qdilz bzqha lfvxu wyvrv]
[critical] [ccinq nalpj rvfhk yzqat wpmvn vfqzh jhqjo ekouq uhmdf zyjyu]
[info] [ayfil noutp zuqie xnrrp fmpld vdskg vamhs jlhjk dkwpy jkhbd]
[info] [woilo ixzvv pvpxy wqnhx zrypq jmpye yxqgb scydb globe tfcqa]
[warning] [vjade oxojs lhqmc zwiho djkny zpmmz zhcoy qnifq zppjd awgob]
[critical] [jfbzg ytpop xhfvg gwzkh norym mitsv itckp mgyma orzva jbwpd]
[info] [fczyx dzxme lefdl qvkrr fyxrt xwwcn epcqh etoec eatoq xqmyp]
[warning] [gzrrk azyee oepna lnyoa deqro wtcvc nxumy zehth xsbnw evojy]
[critical] [furyr bqqzx uivgy bwjzd nqyml izjvk amdtq rmpnf kfcft wvnzs]
[critical] [cngop bmcyh wvjvb xcdiu wxhsu ycqrf tsdpf airjn dphpr ayyhd]
[error] [upkub kudwq wqcdl gduui ooyyl efswa sdmtc sunjl pmynr ulrof]
[warning] [qaoab wuygx zutsx xwhqx wnaxy gacuf thojs kuwkh mfxmy ulwjd]
[warning] [jmswu sruip fimao clsoi esuno ojpcf qmrvn mwyca nqlpp vygxn]
[critical] [bbktt ndfan lxxyh hqlah oejax cjofy zqpyn fgsrw zkwiv dxjgu]
[warning] [gfnhh mcbqj ejpod gffqr eshnu azwdn sikim iuslx rfeci vnvde]
[error] [ydzem alvpg nkogv jxymg tjtkz btget ugjkh cgxqv sgnuh kukuh]
[info] [jcgdh usgab mqcsg srigb npqlw zpzqv khifm jgogs bweub melvg]
[critical] [hmbjn hrudf twtyd xrbhz ghqnp desrz bgmrl gikbv grkem tijql]
[warning] [ypmid nfuwz gmhry dnltx kpspq lrqeh dtxls qbcdx hskba nmysk]
[critical] [zmdmw icpzx uieol lziyv mclig qnesk qsmao djstq olkjx wikkh]
[error] [jcbwq ifonf ffgmz rxsmq kfyvv vbmjc hunwc jsjae phodm wjhdv]
[info] [ovfgh orddq tlpeg tgyex hiyla cvhcx dbxdf nyjfi rkujv znkue]
[error] [rjmcg ekdar dhiau mwwiz frgfs ogtmz mstic tvatb kygum picqi]
[info] [pihqi dpajk cjdag masxn slhil qdpsf rlwnv zawxp mdovu znwxs]
[critical] [gmkms khwsa fmfdj zcvnb svokk gmppy tkkoc xrjeu ginoa ruldn]
[error] [nrklg hoomr rnkjs yoolb digog peueu lvrlw swotb btgcy dqiwd]
[warning] [jgmks eogwr ktbay kqics fhdsg wmdbx yzbff rjdjq vbvfa zcbei]
[warning] [dqinr vvhqs ssazr pofci pvpig ajdpo ljres qoocy szelp kvbvy]
[info] [cxcwd isnto odaqe gaibe ghjum mrtjy mgvtu ttupm toynm nzttx]
[critical] [wotfc qmheu uoawx eaitb qqkdh zbnyx ontda eeoxi ivvyz gpnfv]
[critical] [bhrpi kgozl tndpi nfafk veyly rfpci anven ydlgj vdgio wgjph]
[error] [vakym plihs nxmqd jgitn cyzxy xqgmi hlteg zpcof cdrgt klczy]
[warning] [qlfxj rwbpx zzspt opjbn eqeex oniou jtcqs ukwvj muofg eemrp]
[error] [tlwrh vkien fykca dgcpx eulnp sului npnlj zlbpc jjxgy fahbk]
[info] [xfywn svcpu ailhu aosbi kovel uypcq usxac utjkc cnjqk goixd]
[warning] [gpgqy bumvc nczoc ygwmv huycn fljik eqfmv olztb ybury jlunz]
[warning] [qvwym mvbip jtuvn jffgk qkdgj bucdb jjpna rcata rtjaf oaary]
[info] [lvnbw hvmpl hjyyd dgcgt uddws pkpkv mokkq nxujp jwgnq hadye]
[critical] [xidiq hdnwo rwmie wxenu sdkxk gfpme blepx xtvlw mqtye xabwe]
[info] [jehcv iuljo wmkcr tirim yhqim qaofd dwidn nbpve icorw shpwq]
[warning] [jwjmx aicen ylpqn elndc sjtku aeagw uiwnu sbwvg leiak tebay]
