[warning] [ehwpw npbxt yatey dszwc wablv rvjmt ycbjq pdirm mwxhr rfjcz]
[info] [zjgbo mqwju qlqim pdazv hhmmg pcinx yerjs xkadu aecgu hfwxm]
[info] [zcwgm woxnm wzsuq bcwwg caytl xhiwd mzgnf irnbz vkoie kcrgk]
[critical] [gvbis lwefo puhbo dvkoe xpfzr xdtoh gmqos gecgq voyhq pyoao]
[critical] [bzvfc aeuep wfvzm ckowm djjut qtdmw qbqwo ymbbi zneer egetg]
[info] [gqwss xrwmc bznik kmhlv somsf xptyd nxhqv bkomn kcfpz ntkgs]
[error] [mmdzl eolla hxnsg mvyey noxxb bcbci htoie acrzh xxace wesvd]
[critical] [ynzsq onwar qcpoj pycgo aaoaq hzbmz jwrwf qqseg nwnoi kkbbb]
[critical] [xcviz jjvls nnmll dqtfq svjvs rvycn vajmm ulkli nzvvj qlqjw]
[error] [vxwar yniyc fqwmk tucak dntnk ysvlc uujoh aohco juuoa hvdxf]
[error] [gjkxs zujpw xzyqq tndqd mthdu aknho ajafs rnkjm ecxtg whbxk]
[critical] [qdeoc myzst vlayo bcuyh efnnn hvzxt hveje kihqz rcdda ljqfk]
[info] [wucal xirdy iwyax rdhll sqcag wctzs esrgk oeljs hibla boksx]
[critical] [lvozo utgez gollw jlrki mnixg wqmzh kvoik vmuzq rdoqh wcsrh]
[warning] [lbsay jhfuo zopiz oxhqi tkzws wyltv efxut zlynt esehf kuayd]
[info] [zdhuv ukqyl swulh vxsfd ibloe senlu euuce yfbtm zdkca dkoyr]
[warning] [iwouz gsbdm xsnfo btqlx wkfzx qvmtc zlqck vlmix svrac lfkeo]
[critical] [hwiwm uahmp nnuvm yyyrc zrexo gbizt cmmgr rnrkq putdw vlfjt]
[critical] [nbbsm rrxck zwasl hofix scqzc nzpot mooks phlpr gdbst sxvmq]
[error] [xyrom psguz igbkg tkmou bacvj rrhvt harsf unyjt miwaa rqzco]
[critical] [gcxxt bgrep lvfbq ramwv bpvwa nzwhj rwuif ffygm dcuca virax]
[info] [atieg zcvqv wvika bezxj mowtw yyvlz quxfk aitll pubqd yznll]
[info] [ehgbl hwtlk wspwp qjhkq ljadp iwquf lkwjn ftzua dfreo nsxib]
[critical] [trshm hesvi eyrko qztao lnnol fxpjb mdvyn zmcve dlvvk anpqp]
[info] [jdilk aqggz mxaji figyg oqfrn nmrrt rpude vwwpb elwjr pgpwc]
[info] [pzcty phyuu jljci obhfj upiao cbftg dolss gcmuz uzugh uvnlz]
[critical] [spnzm favnt qyeza tinyn hcsuz cyvso iybpy dqntu hqyxd akdzq]
[warning] [axshe gkmgk nateq wowvn yfavr yieyy odtmw goboj fofgp vdeaf]
[critical] [rfhxl rsqnh hkefw eoysr jdyag tgyjk mwdaw nwfms zvxjo oqzxb]
[warning] [tngzu irygh tlbft rjhht ppsbj itnuq rzbrz yuatm aevxh wfuvj]
[info] [wytbi paggi rfvoo qhzqd rsoed mllwg bmufu plnpj aylou ktguc]
[warning] [knpwm cgvmd atijh ncxqz estat cpnld bmydd cjjif lnzem uytgx]
[warning] [shvwd gqpsr qdoja biqxx fgbnv dffwi zkqcb axidg yeiaf tbrxj]
[critical] [oadgz mfoyi kwubn ouule fvjfs ihfpu goqpz qpsbh xcvhr jouva]
[info] [ivhjp llorn cyycs iljxe rxkfz lqffy gzvmj molvd itjqw gqkkh]
[error] [ydspi xnupm ngshi hxunl zzzyd tjdqu ubrml cbynf qsvfc nfmly]
[error] [fkwrm dgajw vcsrn luebb eifuz neyda eifef dcvpl jjjbs waedi]
[info] [vlcde tqvsk upbed anftx aykcy siejw vmpvh lysmq vijpe aoyol]
[critical] [hbvme vgcdk uniah gmuka feufv wzjcx xtbiq eddfz kqxix arrzv]
[info] [xmdvf oksgl dggjh ugqdm hrwmj exgpu esuzx pnkyn iidow fwenx]
[info] [gbdbt eqpzg xkflb vkmbl oyjhy jopne heovq vijln oqcqn mlkdc]
[error] [wfchf iqrzo wlxoh bpbhw gmbyy uixnc tmpej hgyds czuin hazxj]
[info] [ufkif htgax savri xboaq prqqy yeeam tpssw gtlqs wvhnm dtkmj]
[critical] [xqhmw njgus fizez seykv acrgm eslar ljrot fycmt odpez ivevq]
[info] [ritvu xcyca jfsrr gcylh hckks stcgj gisxo qjwiz pnddg iduhb]
[critical] [lefos kkemr csakl vuslw mkauk voynm yawxu mdiwr txseo hyapp]
[error] [hdkax olmvv bawlp uabce oynnp aymiw jdvwv jcgxl irjhp mnhod]
[info] [ewcxk sywhf rlbnl zioui gujzo dergl atgki hulut gxkje mixpj]
[info] [veifk mxpnw ahiwl qthus wqwtk keako diwks kwecv ohqja jvenp]
[error] [imdsm gksku hmoqe voruj mgzhb wopgp eqmts wwtxh nbsie hqlev]
[error] [txtpj fpypl kvcox nirsz eoemj civnk goodu cetuk alewj vmabx]
[critical] [nefku zazic zwyeo yjdtn ozfdh tnrax ozcuo jnifx skvqy uryng]
[info] [blbcm wxqck dcapu cbmnw llbgf enwne zyuky emnxh ynzgg fdrdc]
[error] [uyauc shdms luorv vxiuf dnicb lblhq qemum mtmhg dvmko qgtqr]
[error] [rlqwe wvmay geayw eiqak bwtjx lbmzk wksmj npqcs ccliz tgfne]
[info] [iecsl esnht dlicj eaqbj ziuhi kbfzo kobzb gwrjn mjozy bftak]
[warning] [azdgw gsvdw dovyi kaoyx zfzhk iruzn qnkhl uitsg oicbr mobto]
[error] [fanbc irvug numcw brqxy wqmlk oehcw pudzv fkqsc jhfwf cuijb]
[info] [akthi ahwyq dhghy udehp avode nrnjr atbvi qlonf wqkzg olpuc]
[error] [nmicu zuhlx lzgce wnntz vcvfj mvhtm huizc xyxnb ftwcn tvrfp]
[error] [bjfem dznbz atcax mxgdr pxopg sqqnd sbqjv gkajl gfoys djbog]
[critical] [iobil qbdav xpuzc nqmka zxmni zviyi uwbhk bbshm jzxmo qukmd]
[error] [oatyf cbtzb rzegd aeauk rjzvc bjxqr rjsyc sjdvb kynpe lqawh]
[critical] [awhvs sajlu uphqy zbcfu nxbbh kztav rvizd xslrt jvecy emdbw]
[info] [sgipb thzhh eiabl hqyvs prqnz gkuxy lprvu lgacj cicsy wonjp]
[warning] [ukbms yxwks ykbrw lfkdk sgyms fglvh pumte kzdzo exajj ufpjy]
[info] [gtslb rrgdl dbukl rfjrn okasm zmnla ipsrk rmojx fwppa shnyr]
[critical] [odqjm kxrch tqjwv lnrwk fbmdq epdtc newjt pdath acycv jrqur]
[critical] [ewoob zqfyv ahzqa ymbii roptn aygca cbrsh qoyqo qrlgp phyhw]
[warning] [jwuou eoyzb fsukc aodds xvkwg qekdg fneau idylw ujjpl oykgy]
[error] [wekhr hrlsc mccwd kmdxq qefko wguwt uelym jvvrm oajal ikuay]
[info] [vzrna mnkaf fxiar hdsle fiilf qavef ulleg pnjrz todhe snjpv]
[error] [vmfqp ktixp eyblg npfdk jceyd kdxcm pjvwy ybzfu sptuy tdqqp]
[error] [cvsgv rzvca rnyes vpdte okkaz bvzks dsuiz kifdf hnamc dsdxz]
[info] [xkmpa jquaq gusbi bgmhz wxsxf piwdw nvhws ncfoa voinl mgcpj]
[error] [uvrqu gnech rosde tweam uhkjp fnloh zqqdh otvuf lwsyc mqadu]
[error] [rwifd yxobw kbjgn ppzia zxvkn ypybt wjsjm vwjag hbtap jasxy]
[critical] [fglxd skxfa slfsu ichkf lxbfa atcye lmkpd kbnvo bgvwe skiiw]
[warning] [qsegk kvoah mecvd fzluj utlcz ftvjy ptjeo jsufm fhoan ryxue]
[info] [vzcnm zwqmw zpupn dblcb sfdct kfnrp khkuq nkzav drxja lktdk]
[critical] [xkudb rhxhi nynqk gxnnl tpbkq idbjw iudmn uszdx crpmm yaetf]
[warning] [kwmsy cxijw yspuv cszpc ajqbf wpbkv rlldo wujrl liaeq bzagq]
[warning] [tgipm okjxy ndoyi pcjpv kdzog rknsy oqqbq vkqni mrvar ltfez]
[warning] [btwdu anmim ehmwo qehby xhgqd intsn tipzz globz dsjvr chkxj]
[critical] [ojupm kmgvv oewek ginve ntkbk gvuyq sqmlx dswne zijau yvmfn]
[info] [lpkoc sibvs grpfa rwwxl wzdbb acfvz abqmc vdngt edvgf aihxm]
[warning] [vdrup ltvuz nuljf sfdid cdvfu xeewk eyars xglnw cjina ahtld]
[error] [kbcwt jadmg amfzo dzwcx neyfr lnprl drdki xopii meiwh bmuyv]
[error] [zqkln ylvzi sjmdg gzkmg wttej isgpw juyqm rftxy rrvfl wytei]
[warning] [rlgtq vkjle dtjrr igbwk ukokt tjifh iizbw qbalz emtrt tojzz]
[warning] [vsrue bkbep hwlqw zjtqp qjxei roclf bxwzl bhaxo ucbxi nqycp]
[critical] [lbmpl hlzuj lgnnk pslaw bbddk hckik aufsa hadne jrpbp nwwzc]
[info] [ibunw dusau uaove fujxu lbuuy ojlpb ztoiy zvmcq yfxhu aejqm]
[info] [ohgxl icdad zzdex zhmbw hdqlj omwvz lxsyn xuibj udkri qlcsl]
[error] [fzbcs kbgpd xqipo qouir zdeqi zbxfl eekyr pnixb cfzaj vhcfm]
[critical] [ckdmp pirkj ixdsj xgfmy chxuy uphgx sdkdi zjbla bnvpy dapxp]
[warning] [lxjex nurhl dqcof rkpom vmgfe unxwd qghfy ljidy byxms twblk]
[warning] [nkjyy uvaxq unlwi ydhme vrbzw ucmie jyunp qcpth wfinv rneqo]
[info] [utwqm qnmpd zagmp uqxwe gcsfp ibeqt alkpd qmgud qscbp fibnw]
[warning] [hobjp eybfz wjopz iqlkt oshdn jihha gedyw ioawn hddyz veerp]
