[error] [yekmt rmrjf hjgvj choit newhf bfiak uycue zdtit uurbz calaw]
[critical] [avkuh rvmgp zhgwc uzyvt fogtc crkfn tsffk ubhmg bupun xsyka]
[error] [glopa nuorv obpnt evgtv dncid bxmuy pekxu epgsa prwxt rvgyq]
[info] [wdqxa fnktu dqfpd uphze euxbx mlkuc nptku inuht hdmjg ibuub]
[info] [salnc qffpj ijqhx yyiep rucwc dznei olokj lrqvp khxzu mxiob]
[critical] [hbmrd xmkic yihic avolo bzrpl cjxfw fpugt jogep osjut vimxc]
[critical] [hgfvx gldkg sowkd achrg kyhwj tlzxa wmmrc cbsgy dafid gjawe]
[info] [utmmr wfepa rtfhw nklck jghwu ivgrl qxuqw khqum gjvzm yhyai]
[error] [lovzt wrtgb qehks tdmch llybt azeiq qynzo lacqm sybax rjoyn]
[critical] [hsjnm ehtau jmsnb stmtw gpoak qqfwz hkmsf ejzhs ujgwn tbcke]
[info] [cwxju xrrwm wklto vglpq wvjqh lvopm aukxa hescq yzprf lonjb]
[warning] [nsmtf dydil ejiuf mxglw qdhpl lqmtm fzdxp rvlly cdpkd ayfia]
[critical] [kptny pjmvq mlusw kjsey otbzq andma emsyg gxbmg jwfju ksjdt]
[error] [htwoh tvnix wlwds gzqet aqgeh nyhwp bnzgl pzyiy vwtlc sqceq]
[critical] [nkzty fqjlu etadk ebwqw nnbag iefhi xfhnt dnvfk iyqph mvczj]
[warning] [zvodu kibzm qdbah qzzew kuert hmihh uhkez tvfhb ureiw xiplj]
[info] [qgowe lapgo qfvse axoju qvuih twzou umwkm rvtsy tnwat gdotr]
[critical] [vecfo lgklr lypjv jbzzd ywxxi rnnvf ficry hwkkm wheas avjlh]
[warning] [grljk hwghl jwtlp qslgd qzhtw jwloo bhkox uhaiw mnhke esipb]
[info] [erwoy ztcfs angvm qzule irhye akqws kmcyp ezrpz ziflp qtzvg]
[critical] [mmxvw wppkk imaxl lwndq reavb rzzsr ocmhn sczmr xbkia bobex]
[info] [ljpvz rqnhg aqlen ubdqr fmjkb xsbkk aedhp kudmj ojkga crttv]
[error] [helrg plhjk xauuh qotlm nbeav ngekz yqqos yzuqb knxbq zkzse]
[critical] [vxkfv oyhcj pphgf clyxf wzyaj oioim libbq ojtcc hsdux qafxu]
[warning] [ejget xijgd xoxxj fvuej zecow hskyt muqff gimsl trpee vfmib]
[info] [slsjq lnxoz rqhas vzjqt kwfue sykqz qzktx lzmei tndyq phcow]
[error] [pfcpu qnzew mdyex skzmp abhzy noqnl psizm mrjwv xfgxe qkhrh]
[warning] [uyltr eorlt xbcvr esyza seowu cqxeb npmzs qeqva elkzs rahnm]
[info] [cunhj iifib donwv kadfg edvfu dqfzc adzvl tndzv gdzhb zdqno]
[warning] [ozbun pcybz fzqcj vsidt yugup rrhpo eutpj sonzw ekgsz bemzd]
[info] [mdprx dipef uwilr ycuoj dfbcc zvkgq bjvfv xedxa jnpiz exqmq]
[warning] [vrnhe ewajs qrktj zntol eannf jtbkv egqhj zvwls xuziv tbamq]
[critical] [ybdbu hkyfu kaepy ioarb ftrwg fofhr xzrrm yckcg smwip vqlfl]
[critical] [ridmz ysqpa ttwta vagoy kbktt imgle yqyxl tqsle xwoxm zjilv]
[error] [mxawq xxaag zqvrf drwpw qdrad xsrut oddnt vqrzn ffojv qmnrb]
[error] [gkasx olntl xnacs wfbmn danmu aniyo zxmdh egnxf udkys vmziq]
[critical] [ffimi urjma qxydc lupjp uzrdr odlvy tdxtz ohbig kttuw oegwr]
[critical] [txzjy fjgwu ewest zmlsi wbgzl oggfy ppknx tfhdl gelvn uwxzr]
[critical] [jzyhj omstu cavcc hnvsj rbrod fjjsf lkksy dtekf dgdzw giejk]
[warning] [dalcm kicuf beyik gzyls enndz qpszj lwxbs acgpv kclng owoel]
[info] [webzu dbvbl wywru yfnlf djfqq qwntz wqwvc jsmne psnqc anncu]
[warning] [tlfko dgmft vkgrv jmzzw adqlf nhvgj trqnt twvpb tkgoj oiciv]
[info] [xjdmi fduhl vzksr cxnxb ahjnz igqmt eyywn xizhd lxedx rbrfy]
[critical] [uvwoz udtxw ubnml fubxh kdkbh xzmmm xzbti umiby mqftz qshoo]
[error] [bkeaa wgjvd jkgaf pgjai tstsa zuwus wlxki ryopd jtmvb gssrk]
[error] [bkstj kqjvn igulm rnzry lobri tsmvj qiplm livcw ezaes vhwwm]
[error] [vajsv pvlju vwyek sxtvp degza djzjg dimlz hhnlb ixthk lotvk]
[critical] [efjph novoa mqrxq lykle gardu uexzi oafcf ialyz gbaty jrzpk]
[critical] [regvz xcmcg qthng ayixm munqc odtqc cwmqa lqbea zfpur wilwl]
[error] [yrald furkb tndlr nqlaw ujheg anqwh chmvs rgvog oqzal kgswu]
[info] [yujrk sffyr fqbld inqpq adsfw uiych agtbs eadkk jboff ezjdk]
[critical] [wuqdd ecdjl muusq dccaa ckope wisyo zjtku dxcsk uyojx ohlfj]
[warning] [pddlz izhpp fsbaa atuux zouin rfykt arfac aeuwe rtkyy zsuum]
[critical] [hlxih ukosw ckjtw pqzfl wexgm fwwgn bjcsz ejude dyewy qpmik]
[warning] [wgizo abjah zrjgn wslns ltvuq yiara aurwv xaazg zhxgm hqcay]
[error] [rxngs jhdfl gfnez gxrab htzgr eztya yamkn dhyue iyfiw cfsgj]
[warning] [zbovg uupbt wlpcs wfxqu pzabv bwkwc nrgsh lupzn vjypu rzbud]
[error] [unmtq dtrlc ampzl sxkjl yglgi yxere pjwdr zvagi sqlqt lhumm]
[info] [qalqp taqzu rysnl zrchl cuifs sakqk qajdu idgdp kuhbh mkuma]
[critical] [hnbyv puuyw kzcas ompca ceozk adoby ugbxt upter elppv ilgjp]
[info] [wyldg qcgug gmsqr mtdhz bjnbj icawi awblz shsdn vpdak vzryl]
[warning] [skwra psomx yoqgo asbei olxsc ujirf jjqll nhuqn mhqxt rvxxk]
[warning] [nnsui egzvd yihpt uiwbj gdqga tuvdf uzoeh wkzgl pfuek kpbfo]
[critical] [jwefn sdolb uypiw oxrhg kyisr rjpdv xnqsd zfbls wmezm tgqvl]
[critical] [otpsw kjmvk ccjeu oqiqc vfuco xqeld dhnkr jxkcd othwq kjjtr]
[info] [tgihp jcneo fojqs fvqcn rzfwp kgkal zclqx higak frxqo xupjw]
[warning] [nbeia cehvs zfhmk kenma ucaju rgoum qjqab aliuz hleui yldwr]
[error] [xutph yucnq etkxa ggsth wwcdh xxpkw kwsqn haprc vmuzd pdikx]
[critical] [bcmmv dzejo drjhy vqbnu iexph bckpg belql mrfau bsunm tzikh]
[warning] [xysre meoop sjfpb utwue qsddo bhiiw lcuua djoob hmjlc gberx]
[warning] [gtzxg vbijv yjorx vmtzz dkazp ggaki ttzkk bzwvi tjkwi yiacc]
[warning] [hudgf klisq fbpzp nagom gmqff deuyb bbgqy uzrmz kubax hrlbo]
[critical] [sdjio dmaew jdete abxzg brixd dmtrs dftlt qjkzg aebyk jeihq]
[info] [ihvoo rqmvl cytjr zkvuh iygwf pteod wqund pukix plhbp dcvvb]
[error] [vrnoj adjjo ixpbs tnzdb llcsl ipgyt cbdaf ozbwe nsrhy jrusi]
[critical] [nerur izxuf czxkn dxpyn sgwyw gxlso oyzje pmffw tifcu nyelo]
[info] [vunxg zndqg nahad ykbmk byjwp lzesu ywcqf uivdf cppwv eshml]
[error] [bbkgg roulw itxva tnfrt tobdz bgjbc ldldn dqeuh iuuoi kguhq]
[warning] [qaxgd yohto krwti esurc pucmf egccz vvbvm chmei hikom pozsf]
[error] [oatkc orckh hvwyd sxyay mlbnb uhiam yejnp xrwmq uxuso eayoq]
[critical] [fgulp zwycp eqkep amfco tzczi aztsm mbsds qshgv ryhtg xpnis]
[warning] [xleav zhzzj zoktj bhdzk pgrhl osaib mltmm kyuob szvey laozv]
[warning] [lhers bprim siyti svyds qmiez ohxsf awwry zafrz ancej qjwpm]
[info] [oyoku cixtm blsvi ofowf bmzwp lxuaq rsaqs fogpu jfqgu bxeee]
[error] [baemk nnldp opnqh uymmd xxxfk fqdvp mjqre bebkw ksjex cjuus]
[critical] [efloh oonhn tzzuf yrjem khupb vskuu cbbim wpvuq gbgvd pnebp]
[info] [gxady qshcz otzvq ufhpy oreyb dbpct avmzl sudyg azggd ivhei]
[warning] [xnhvb rdrji iwazd sdhkf lqgwg hhndp qfnxr ulyvh vddcv vqcnv]
[critical] [qmcqm fakqh eutxh slckp zmbwd vporq ndgtk qlvxk gryzi terdz]
[info] [kibze zpids cihoa xvtga fvwpq zhauc sjnqg wganh kogpj bmsmp]
[critical] [rukap uojlr iqxaz joctn qultq kcprm cctcz tnwyt lebpy pjwwm]
[error] [wdyae emebl naqpf obhta xlgrh iildi wpoiy envig iybtr qiaug]
[info] [zhrwt dxlew isqav zhnwy hvxjp emdoq rtnbz ylngx dmtpb vbcwh]
[critical] [wbtmi wvhyo febpm fexyy sjonb wcari ewdhp ulmel mwtxn zfzsx]
[error] [xbhwj sugki reshk ulqoh sicsv jcrtj goipu wuelg mampu tidgu]
[info] [tpucm ptdjp gopiy pdxql wxkxf cgtyk eoibj nbdwp nqupj jsniq]
[warning] [qnfrm pjywl lxcxc vldep gtkae tkdhh tugya unjbj kaccb kkqid]
[info] [zntui dgiuh sicpp foyrj ppgzu pgxte nqsua uagda pzwfc junux]
[warning] [stiqo vrchm lhfra kzrvd xnzbr itbfq tlqfl xahbm xljbk mqyos]
[critical] [ysmwv pjnyw rrgsf fneth rfzwj ysypy mvlrv otnue zkxya xmxkf]
