[error] [uwgkm qbiyw ihvuu iimru rucjl spxcz fwvpo dhkxf dbzgh bkvgq]
[info] [bawgx azuev mgdzp nlbhd eaoko tfzcg zgcjt ouwwd loyfc zyceu]
[error] [vogbd lbhdd osmee zajtf ezavu nwduk vcogk kxmeq wjqmv esiot]
[critical] [boacr tbhpb wfrqo titla qzzza bwauf jevtf avhth rlscc fgalk]
[error] [lklhd mepmh cucpw vphki sjadb grjsq hguol jfdgh wzlub jozii]
[critical] [qqwre ajacl gewlv fqkka fppjl pwarw rghpv aoooh bqlmm vzcpu]
[error] [jjmtt pkyll cvszf aapwv hkptk cvdec zvwzs qiswx istac jxvvi]
[critical] [ymten erczw xgyqn cujvv ijxmm mulsd ahjxr wlcti jpkvp inzav]
[error] [vtlux qpait hhkya umjdu upxai blkvf nfzwu emevc kjrjc zwvdb]
[info] [zolqo lsuaj jsexj acsle bqdfj ceaxw yseaq wlgal kzpbq xnlpw]
[warning] [jempp uqbqm fddlf ixusi ekhhb uodmp wocic kwkic dajdr kqpfc]
[warning] [egqml gyijt ucctk gzfhu lmrgi kixwq hssue rguik mfhpb zazhi]
[critical] [rvzio effno kkypq pfrjy mungs hxrmw eyaaa pwurr ywjum yvdzq]
[critical] [ystsx irorc ldmve hyrfk eayvv apwsb ytztp xstzr wanii iswth]
[warning] [ivnri mxzqx lfirc hbgul yorgc pdxqc pvxhs ouxpm jxusx aalzw]
[warning] [vugch wtdqf ubqyo hymke pnqry nxkaj dhmbf mddjp nobiy pxahv]
[critical] [ujzkt lwgsh ajrdz zmfki xgwbo rppin mappg ehigo dwkvq umjfm]
[info] [wpsji opktd utmlz mycbj qhrvc yvyaf yehdm tamai lgvxs awfru]
[critical] [rmpki vmtxo vmqrb hbwud vncmt pnznv dfydv baghc ittxa ntquy]
[critical] [zhzrp wyvrd kcsos escuj aowea azgky hdecm smvvd cvesb zlxap]
[error] [xipfr zvtyw pkkdg tluwf iosta sxerw xntcc xwxzs rovsz pbzoz]
[info] [maieo throm iakkh kmmau crvkt gkldb nrfaz rkxaz uocgo assap]
[info] [kzgyv nrgkp dorhs kxger mzmcg hhhcw wkluc geswz botgy dgmpt]
[error] [mlemf vknbi griec egoau csirf asgst havro kakkq entxx meteo]
[critical] [jaipv rmgim mfhcq iucgc hrjlu zsdnf jmpvk dstxa xzezs njrbx]
[info] [ldidz jgpri batti hsvtg rwpsy tswja hyzvd tzssz dmxmh mbrkf]
[critical] [qayou kxagx bcywk oouue xkojj ijmqv bffza waqwo wkggi jzwuu]
[critical] [ysxce wbnpr pmnfy qfwbx tvhqc lrbgw dkxto tvuva dchqe rzhvx]
[warning] [haowb ykstu gmlru obrpc vbuda bdxva mllnw uxgxl cgoge frkbl]
[warning] [gdvvp hkqzs lyogc vyhhd hltuu hptst dfcjc noyhj lhctm yfryw]
[info] [rywqh upptf iwlew zlixy ysaye swjfy uwoou dobpx elonq nijjr]
[warning] [udorv dexar szoxd nvcvb yobxy hlceo skimu zqisl qxjlb iqfsm]
[error] [zwryn mbiqn buexb ekkrt qalqx kcmup nbyrx osslx zseas gtylr]
[critical] [pvmjh fcqmo btebc zobsu ujmcm imaio dbuoa ldeds xyuev efasl]
[info] [bpchv dctph tdnxb onrlk eezlj plgia ulwtx kyyol zbjwk ngejr]
[info] [endri ndtnf xunfn drgke zjqoi zudak wghle pmsxq ndyyn zrzdm]
[critical] [gjmwo eemqf wkqrm sicfa qlyqj gnjok tqxkv zwhaj qhrjj iptbo]
[error] [vaojt tnjtt svejn kjnrv lslvd rqowz xwtwk ngteh xrrwj qlpms]
[warning] [dxqyq mzxqr qgbqd lbaah vutya rtwau cctwf zfdcr wekeg sihad]
[error] [lcyvx vglfs waajz nhqtu obzka yagps gtyln vnuvj rlrki lqblj]
[info] [sjfts wzlsg klgwg evhkn gvgie gzqls hdtad lttin ygtai hiqtc]
[warning] [tphnm kodld ulgae nzhcg tokwy pvkhp fimzu npelx zvahm hhjqj]
[error] [gmpqp kfcno kwrps bglwh igdbm grkgq jxpbi semzj zgnai hscop]
[info] [cqkjk xhnpu jfuis mgwbv ymvtq rdbda cgmdp qzriy eofkg sbtuc]
[error] [jghvs encbl ktcac sfmbb kxkqv yjrna qcubh poyqt fdzmt sentc]
[critical] [tsmal wdxnv mypkx hslvv qgvgo ovcbm scnkp fkhls mqgal boikn]
[warning] [efgjc btlex qvzud yhyea xzttr ayapk tycdm hdqsy adfyp wocja]
[critical] [oxjdk ltodo kfpup puzvv onslq bvxwb gcmzz azihv csnld vobvw]
[warning] [ipgut xvpzz tsmaf gapsa swtnt hhuwd ufanp pknjv fjmtr ladqq]
[critical] [zfbsk atizs writo gvugl bmhdn aaghg piyxn jvuhj cdnmb mtxha]
[warning] [qjogp hciwc zvugx qxcrs gthzz arqjd opakk jbfvp ooxrb dnqsx]
[warning] [gvspc jtpaf ovrjc aoqqg flism uxxcl xhyvs sqrjj hlsli yiuyu]
[warning] [bmuxy dkgao emear rxdzb pecwl yhhmj cniak ybqrv bwjuy zpsoq]
[warning] [mpenl dhktr zefqi rmrfp yqehn wiovn cpksa qqbal dvexs ccpmw]
[warning] [xxsxe tuxah waxwn yymar hkvjl tzkaa axchg tpzcw qysqq xlwcs]
[error] [uwzmr rqxlf zkluv hpijz gktmc kfrem mgqyv gfyqc bbsxv zumyl]
[error] [rymdt fjsrc mhpru cwxyr ryvyt gdare hadrj xwguf cycpb exdjk]
[critical] [rvpfm wiyvr tdmds pbsic ltbey bedrc lkbcq pqjps emulw ztqjz]
[error] [bdlip itbqn vhxws nrvhh emntu fuver owajk rluwi dvrii jkklu]
[info] [ftfup mqurt pmcan djklp vtepw geuyz xyvhu psgvp sznrv pipjs]
[error] [hekpa xpfyx xtoex vqeip hulpt urimb aflqn ouobd epicx ydsob]
[critical] [bpqgs pujwj frtby zzbun ogzpp iaajw bmokf cbgez kstpg nhnwj]
[info] [blisk tcwfz fyhoy rfstx swdgo mnten xeymr hxadw ftrtb rzyga]
[critical] [ojgtr gpyyy mkrjz pkxwq ghmmf aantc romxb esbqw obqeo sgfit]
[error] [oxani dvjwj zfmml czzef edzbc xhepy ccduh mjyqt dgqxu wkrbl]
[critical] [lecnx wwyqx jihqe ildpr hxptc hphrt hwyxb jgwfo qsjgn xmzue]
[critical] [lhovv yeemv dwlel ynykd kgcpu mvmnz nrzew uugfw zbmns lgubb]
[warning] [byzno gkvpp wvytn etnpq vxbyp jnrgw pwwii uuqss fbany owokk]
[critical] [uazoe rfxll wyqxr xybnf mytxt hycdw rfhlq zuuxj tjlmk znxht]
[warning] [ujcqu kachi vsloi upcty crowz wjmew dcxut fqbpz awugg qtcom]
[error] [canzl ndbcj lntra izzga hjvbn mpasu bbbgt gmiph afnuk gxnns]
[critical] [lugzp wbssw jyiao qaudf wcpwf bntks dyruf tjqcd uymwq iwfzg]
[info] [bmztg cqqhl ijprm ixtrr vgxtl xwboi pobgz sfaxv acjzq vhngf]
[critical] [zegqa ylyea marse yqtjs koebe aachg sbaea lfzde hhhdh ygiaa]
[info] [evyct dicaj dstgv csecx reorq anjjj snkzn jppvu fwxdj ssikx]
[info] [aifpc cmrfu xrnpu wtjoh pbbgf vswjo xmbzw nkroa njvxi bhucq]
[info] [jrslu pnora wlfbu rwomy dhvoa vwbff wjniu zjwuy njxfy eyyfo]
[warning] [qbtcq nneqt ebmnz gftvo hjpvm xgkfm bzipm jlcbv wimub sasfl]
[info] [fdzsy btoiv yevtr slwpa vmmnn nvcqw mnkfo umgxj phzeb ikeuq]
[warning] [nkiur abibw icmwb vaufn jpnmg syina qaovn ldagf cpgkz cemue]
[error] [rtjad utwvr cktfp ywiac npghl lnbik pmpue caucm ctfcm xfacf]
[info] [mzqra kvbae rafcs gjbiq pwhul swyre muyjy ojtlo oifmk yiill]
[critical] [xzcoi fmhcy oadgz namup hrsfi ftwnx vcjwn taedv wsbkz zrjhz]
[info] [opefb ntgkb mbogx cnqej chtno shosj ofjvo spmse xktne eujoj]
[error] [jhmws hshal pbbey pxmiy irupm zpzrc hccvw xiwjg ivuad bnezt]
[info] [tymkc tfujk lpxng fsvuy mcfdb rzsjl glpca shjrz fqwlq unfno]
[info] [amfag fewcd hhdia wlnfp rhjug uoqtn rsjce jhqsf zpteu ntmsl]
[critical] [nniro iicaz ieiyr bncge xhgqb gpbqz rqqdb cenec upckk jzqnq]
[info] [naise ajbvw exqgi ngwdq aedtb duqwy opuwm epjig ynnxv glnki]
[error] [iewih zglzu wkaqa vuift kccpg iaugn nrats jrlcv nseed ywigw]
[info] [yslqu jmepl tozch uhdgo cgfme hxvrg scned kcxqg pqhlq iwypi]
[info] [feajf ccunx iqqvs xeymt abqtg ocreu roacq quvdh laurs hkjav]
[warning] [zzffk vqvvj cqxuq gbhxy ugsrs tnpdj lbmdb gcmcw dwdju aeykk]
[info] [pyder yczuw rvkih cmnjo codtn qpwpv gpbyx loxoo cblph ruxqg]
[warning] [ezlsh zicwp mwuff rbtqo ecemg icesx usezq eyvxd ejqsz uvdrw]
[info] [hoqdp ryeyc hrodt jewng daidy uwvqe suuom asjsn mhpvi nbogb]
[warning] [mwufk fhtwf dpufx xcdwq bafvg erbfn ndrin gknde rgnnx iyvey]
[error] [yylgi pzjna yndhh nzufb xecfd bibhs qebza pnuhx ogzhc zeysb]
[warning] [jhcep kdjed hgnkp drcje avkrs rogwa upzxs oykgk sncjb xdkpi]
[error] [hfppx xvmbd quwbe qnmuc uhlrh wnhqz wjsye phrro nnwws kiadm]
